#
# A fatal error has been detected by the Java Runtime Environment:
#
#  SIGSEGV (0xb) at pc=0x00000001099935d2, pid=631, tid=0x0000000000003603
#
# JRE version: OpenJDK Runtime Environment (8.0_152-b01) (build 1.8.0_152-release-1024-b01)
# Java VM: OpenJDK 64-Bit Server VM (25.152-b01 mixed mode bsd-amd64 compressed oops)
# Problematic frame:
# V  [libjvm.dylib+0x3935d2]  PhaseIdealLoop::idom_no_update(Node*) const+0x12
#
# Failed to write core dump. Core dumps have been disabled. To enable core dumping, try "ulimit -c unlimited" before starting Java again
#
# If you would like to submit a bug report, please visit:
#   http://bugreport.java.com/bugreport/crash.jsp
#

---------------  T H R E A D  ---------------

Current thread (0x00007f96ed82b000):  JavaThread "C2 CompilerThread1" daemon [_thread_in_native, id=13827, stack(0x0000700004eb0000,0x0000700004fb0000)]

siginfo: si_signo: 11 (SIGSEGV), si_code: 0 (unknown), si_addr: 0x0000000000000000

Registers:
RAX=0x80007f96eb722db0, RBX=0x00007f96ede616c8, RCX=0x00007f96edf86010, RDX=0x00007f96eb722700
RSP=0x0000700004fac0a0, RBP=0x0000700004fac0a0, RSI=0x00007f96ede616c8, RDI=0x0000700004fac508
R8 =0x0000000000000000, R9 =0xffffffff00000000, R10=0x0000000109de1a20, R11=0x0000000002b9e840
R12=0x0000700004fac508, R13=0x000000000000008b, R14=0x0000000000001cb7, R15=0x00007f96ebfa3928
RIP=0x00000001099935d2, EFLAGS=0x0000000000010206, ERR=0x0000000000000000
  TRAPNO=0x000000000000000d

Top of Stack: (sp=0x0000700004fac0a0)
0x0000700004fac0a0:   0000700004fac0e0 00000001099994ee
0x0000700004fac0b0:   00007f96ede63678 00007f96ede635c8
0x0000700004fac0c0:   00007f96ebfa3928 0000700004fac508
0x0000700004fac0d0:   00007f96eb722700 0000700004fac100
0x0000700004fac0e0:   0000700004fac150 000000010999b6ca
0x0000700004fac0f0:   0000700004fac130 00007f96eb7dbd58
0x0000700004fac100:   00007f96ead0f6b0 0000000000000400
0x0000700004fac110:   00007f96ef8b0210 0000000000000145
0x0000700004fac120:   00007f96ebfa4b20 0000700004fac508
0x0000700004fac130:   0000700004fac508 0000000000000004
0x0000700004fac140:   00007f96eb7dbd58 00007f96ebfa3928
0x0000700004fac150:   0000700004fac190 000000010999baea
0x0000700004fac160:   0000000000010000 0000700004fac508
0x0000700004fac170:   0000000000000004 0000000000000004
0x0000700004fac180:   00007f96eb7dbd58 00007f96edec9fb0
0x0000700004fac190:   0000700004fac1f0 000000010999a5f7
0x0000700004fac1a0:   0000700004fac1d0 0000700004facec0
0x0000700004fac1b0:   0000700004fac460 0000700004fac440
0x0000700004fac1c0:   0000700004fac490 0000700004fac460
0x0000700004fac1d0:   00007f96eaf0d280 000000000000000b
0x0000700004fac1e0:   0000700004fac508 0000700004fac490
0x0000700004fac1f0:   0000700004fac4f0 0000000109999abc
0x0000700004fac200:   00007f96ead0f6b0 0000000000000004
0x0000700004fac210:   00007f96edf6b010 0000000100000000
0x0000700004fac220:   0000000000000000 000000010843b000
0x0000700004fac230:   0000000000020010 0000000000020010
0x0000700004fac240:   0000700004fac310 00007fff548eb3e1
0x0000700004fac250:   0000000109dbde00 00000000eb842eb0
0x0000700004fac260:   00007f96edea1a88 0000700004fad968
0x0000700004fac270:   000000000d907b06 00007f96edea1a88
0x0000700004fac280:   0000700004fac2a0 0000000109b15ea6
0x0000700004fac290:   0000000109dbde00 00007f96eb843010 

Instructions: (pc=0x00000001099935d2)
0x00000001099935b2:   3c d8 5b 41 5c 41 5e 41 5f 5d c3 90 90 90 55 48
0x00000001099935c2:   89 e5 8b 46 28 48 8b 8f f8 09 00 00 48 8b 04 c1
0x00000001099935d2:   48 8b 48 08 48 83 39 00 75 24 8b 4f 28 8b 40 28
0x00000001099935e2:   39 c1 76 0a 48 8b 57 30 48 8b 04 c2 eb 02 31 c0 

Register to memory mapping:

RAX=0x80007f96eb722db0 is an unknown value
RBX=0x00007f96ede616c8 is an unknown value
RCX=0x00007f96edf86010 is an unknown value
RDX=0x00007f96eb722700 is an unknown value
RSP=0x0000700004fac0a0 is pointing into the stack for thread: 0x00007f96ed82b000
RBP=0x0000700004fac0a0 is pointing into the stack for thread: 0x00007f96ed82b000
RSI=0x00007f96ede616c8 is an unknown value
RDI=0x0000700004fac508 is pointing into the stack for thread: 0x00007f96ed82b000
R8 =0x0000000000000000 is an unknown value
R9 =0xffffffff00000000 is an unknown value
R10=0x0000000109de1a20: _ZL8tc_mutex+0x18 in /Applications/Android Studio.app/Contents/jre/jdk/Contents/Home/jre/lib/server/libjvm.dylib at 0x0000000109600000
R11=0x0000000002b9e840 is an unknown value
R12=0x0000700004fac508 is pointing into the stack for thread: 0x00007f96ed82b000
R13=0x000000000000008b is an unknown value
R14=0x0000000000001cb7 is an unknown value
R15=0x00007f96ebfa3928 is an unknown value


Stack: [0x0000700004eb0000,0x0000700004fb0000],  sp=0x0000700004fac0a0,  free space=1008k
Native frames: (J=compiled Java code, j=interpreted, Vv=VM code, C=native code)
V  [libjvm.dylib+0x3935d2]  PhaseIdealLoop::idom_no_update(Node*) const+0x12
V  [libjvm.dylib+0x3994ee]  PhaseIdealLoop::is_dominator(Node*, Node*)+0x42
V  [libjvm.dylib+0x39b6ca]  PhaseIdealLoop::get_late_ctrl(Node*, Node*)+0x170
V  [libjvm.dylib+0x39baea]  PhaseIdealLoop::build_loop_late_post(Node*)+0x114
V  [libjvm.dylib+0x39a5f7]  PhaseIdealLoop::build_loop_late(VectorSet&, Node_List&, Node_Stack&)+0x16d
V  [libjvm.dylib+0x399abc]  PhaseIdealLoop::build_and_optimize(bool, bool)+0x59a
V  [libjvm.dylib+0x196674]  Compile::Optimize()+0x8ac
V  [libjvm.dylib+0x1952ec]  Compile::Compile(ciEnv*, C2Compiler*, ciMethod*, int, bool, bool, bool)+0x95e
V  [libjvm.dylib+0x13b9da]  C2Compiler::compile_method(ciEnv*, ciMethod*, int)+0xa4
V  [libjvm.dylib+0x1a067a]  CompileBroker::invoke_compiler_on_method(CompileTask*)+0x564
V  [libjvm.dylib+0x19fc78]  CompileBroker::compiler_thread_loop()+0x270
V  [libjvm.dylib+0x505e88]  JavaThread::thread_main_inner()+0x82
V  [libjvm.dylib+0x505d4d]  JavaThread::run()+0x199
V  [libjvm.dylib+0x435709]  java_start(Thread*)+0xfa
C  [libsystem_pthread.dylib+0x36c1]  _pthread_body+0x154
C  [libsystem_pthread.dylib+0x356d]  _pthread_body+0x0
C  [libsystem_pthread.dylib+0x2c5d]  thread_start+0xd
C  0x0000000000000000


Current CompileTask:
C2:   1485 1328   !   4       java.net.URLClassLoader$1::run (63 bytes)


---------------  P R O C E S S  ---------------

Java Threads: ( => current thread )
  0x00007f96ebdb0800 JavaThread "Cache worker for file hash cache (/Users/annascott/AndroidStudioProjects/KeepingSparringScore/.gradle/4.4/fileHashes)" [_thread_blocked, id=41987, stack(0x0000700005ddd000,0x0000700005edd000)]
  0x00007f96edbe1800 JavaThread "File lock request listener" [_thread_in_native, id=25603, stack(0x0000700005cda000,0x0000700005dda000)]
  0x00007f96edbea000 JavaThread "Cache worker for file hash cache (/Users/annascott/.gradle/caches/4.4/fileHashes)" [_thread_blocked, id=25347, stack(0x0000700005bd7000,0x0000700005cd7000)]
  0x00007f96ee01f000 JavaThread "Stdin handler" [_thread_blocked, id=24835, stack(0x0000700005ad4000,0x0000700005bd4000)]
  0x00007f96edbe3800 JavaThread "Asynchronous log dispatcher for DefaultDaemonConnection: socket connection from /127.0.0.1:52899 to /127.0.0.1:52900" [_thread_blocked, id=24579, stack(0x00007000059d1000,0x0000700005ad1000)]
  0x00007f96edbe3000 JavaThread "Daemon worker" [_thread_in_native, id=24067, stack(0x00007000058ce000,0x00007000059ce000)]
  0x00007f96ecafa000 JavaThread "Cancel handler" [_thread_blocked, id=23555, stack(0x00007000057cb000,0x00007000058cb000)]
  0x00007f96eb4ee800 JavaThread "Handler for socket connection from /127.0.0.1:52899 to /127.0.0.1:52900" [_thread_in_native, id=23043, stack(0x00007000056c8000,0x00007000057c8000)]
  0x00007f96ed011000 JavaThread "Daemon" [_thread_blocked, id=22531, stack(0x00007000055c5000,0x00007000056c5000)]
  0x00007f96eca9e000 JavaThread "Daemon periodic checks" [_thread_blocked, id=22275, stack(0x00007000054c2000,0x00007000055c2000)]
  0x00007f96ec9d0000 JavaThread "Incoming local TCP Connector on port 52899" [_thread_in_native, id=43267, stack(0x00007000053bf000,0x00007000054bf000)]
  0x00007f96ed83d000 JavaThread "Service Thread" daemon [_thread_blocked, id=14595, stack(0x00007000051b9000,0x00007000052b9000)]
  0x00007f96ed82c800 JavaThread "C1 CompilerThread3" daemon [_thread_blocked, id=14339, stack(0x00007000050b6000,0x00007000051b6000)]
  0x00007f96ed82b800 JavaThread "C2 CompilerThread2" daemon [_thread_blocked, id=15619, stack(0x0000700004fb3000,0x00007000050b3000)]
=>0x00007f96ed82b000 JavaThread "C2 CompilerThread1" daemon [_thread_in_native, id=13827, stack(0x0000700004eb0000,0x0000700004fb0000)]
  0x00007f96ed80b000 JavaThread "C2 CompilerThread0" daemon [_thread_in_native, id=13571, stack(0x0000700004dad000,0x0000700004ead000)]
  0x00007f96eb818800 JavaThread "Signal Dispatcher" daemon [_thread_blocked, id=13323, stack(0x0000700004caa000,0x0000700004daa000)]
  0x00007f96ed81b800 JavaThread "Finalizer" daemon [_thread_blocked, id=12035, stack(0x0000700004ba7000,0x0000700004ca7000)]
  0x00007f96ed818800 JavaThread "Reference Handler" daemon [_thread_blocked, id=11523, stack(0x0000700004aa4000,0x0000700004ba4000)]
  0x00007f96eb803000 JavaThread "main" [_thread_blocked, id=9987, stack(0x0000700004086000,0x0000700004186000)]

Other Threads:
  0x00007f96ec81e800 VMThread [stack: 0x00007000049a1000,0x0000700004aa1000] [id=18691]
  0x00007f96eb819800 WatcherThread [stack: 0x00007000052bc000,0x00007000053bc000] [id=14851]

VM state:not at safepoint (normal execution)

VM Mutex/Monitor currently owned by a thread:  ([mutex/lock_event])
[0x00007f96eac116f0] SymbolTable_lock - owner thread: 0x0000000000000000

Heap:
 PSYoungGen      total 76288K, used 61114K [0x00000007a0000000, 0x00000007a5500000, 0x00000007c0000000)
  eden space 65536K, 81% used [0x00000007a0000000,0x00000007a341df80,0x00000007a4000000)
  from space 10752K, 72% used [0x00000007a4000000,0x00000007a4790a88,0x00000007a4a80000)
  to   space 10752K, 0% used [0x00000007a4a80000,0x00000007a4a80000,0x00000007a5500000)
 ParOldGen       total 175104K, used 16K [0x0000000760000000, 0x000000076ab00000, 0x00000007a0000000)
  object space 175104K, 0% used [0x0000000760000000,0x0000000760004000,0x000000076ab00000)
 Metaspace       used 15389K, capacity 15668K, committed 16000K, reserved 1062912K
  class space    used 2203K, capacity 2314K, committed 2432K, reserved 1048576K

Card table byte_map: [0x000000010a428000,0x000000010a729000] byte_map_base: 0x0000000106928000

Marking Bits: (ParMarkBitMap*) 0x0000000109df81c8
 Begin Bits: [0x000000010a929000, 0x000000010c129000)
 End Bits:   [0x000000010c129000, 0x000000010d929000)

Polling page: 0x00000001084a0000

CodeCache: size=245760Kb used=4413Kb max_used=4413Kb free=241346Kb
 bounds [0x0000000116bff000, 0x000000011705f000, 0x0000000125bff000]
 total_blobs=1698 nmethods=1339 adapters=273
 compilation: enabled

Compilation events (10 events):
Event: 1.454 Thread 0x00007f96ed82c800 1338       3       org.gradle.internal.service.DefaultServiceRegistry::access$1700 (5 bytes)
Event: 1.454 Thread 0x00007f96ed82c800 nmethod 1338 0x000000011704ad50 code [0x000000011704aec0, 0x000000011704b028]
Event: 1.456 Thread 0x00007f96ed82c800 1339       3       java.util.concurrent.locks.ReentrantLock$NonfairSync::<init> (5 bytes)
Event: 1.456 Thread 0x00007f96ed82c800 nmethod 1339 0x000000011704f490 code [0x000000011704f600, 0x000000011704f8d0]
Event: 1.465 Thread 0x00007f96ed82c800 1340       3       org.gradle.internal.service.DefaultServiceRegistry$ParentServices::wrap (10 bytes)
Event: 1.465 Thread 0x00007f96ed82c800 nmethod 1340 0x000000011704fa10 code [0x000000011704fb80, 0x000000011704fe10]
Event: 1.465 Thread 0x00007f96ed82c800 1341       3       org.gradle.internal.service.DefaultServiceRegistry$ParentServices$1::<init> (15 bytes)
Event: 1.465 Thread 0x00007f96ed82c800 nmethod 1341 0x000000011704ff10 code [0x0000000117050080, 0x0000000117050270]
Event: 1.465 Thread 0x00007f96ed82c800 1342       3       org.gradle.internal.service.DefaultServiceRegistry$ParameterizedTypeSpec::isSatisfiedBy (9 bytes)
Event: 1.465 Thread 0x00007f96ed82c800 nmethod 1342 0x0000000117050310 code [0x0000000117050480, 0x0000000117050728]

GC Heap History (2 events):
Event: 0.897 GC heap before
{Heap before GC invocations=1 (full 0):
 PSYoungGen      total 76288K, used 65536K [0x00000007a0000000, 0x00000007a5500000, 0x00000007c0000000)
  eden space 65536K, 100% used [0x00000007a0000000,0x00000007a4000000,0x00000007a4000000)
  from space 10752K, 0% used [0x00000007a4a80000,0x00000007a4a80000,0x00000007a5500000)
  to   space 10752K, 0% used [0x00000007a4000000,0x00000007a4000000,0x00000007a4a80000)
 ParOldGen       total 175104K, used 0K [0x0000000760000000, 0x000000076ab00000, 0x00000007a0000000)
  object space 175104K, 0% used [0x0000000760000000,0x0000000760000000,0x000000076ab00000)
 Metaspace       used 10620K, capacity 10920K, committed 11136K, reserved 1058816K
  class space    used 1424K, capacity 1550K, committed 1664K, reserved 1048576K
Event: 0.906 GC heap after
Heap after GC invocations=1 (full 0):
 PSYoungGen      total 76288K, used 7746K [0x00000007a0000000, 0x00000007a5500000, 0x00000007c0000000)
  eden space 65536K, 0% used [0x00000007a0000000,0x00000007a0000000,0x00000007a4000000)
  from space 10752K, 72% used [0x00000007a4000000,0x00000007a4790a88,0x00000007a4a80000)
  to   space 10752K, 0% used [0x00000007a4a80000,0x00000007a4a80000,0x00000007a5500000)
 ParOldGen       total 175104K, used 16K [0x0000000760000000, 0x000000076ab00000, 0x00000007a0000000)
  object space 175104K, 0% used [0x0000000760000000,0x0000000760004000,0x000000076ab00000)
 Metaspace       used 10620K, capacity 10920K, committed 11136K, reserved 1058816K
  class space    used 1424K, capacity 1550K, committed 1664K, reserved 1048576K
}

Deoptimization events (10 events):
Event: 0.655 Thread 0x00007f96eb803000 Uncommon trap: reason=bimorphic action=maybe_recompile pc=0x0000000116ee30e8 method=java.util.HashMap.putVal(ILjava/lang/Object;Ljava/lang/Object;ZZ)Ljava/lang/Object; @ 91
Event: 0.655 Thread 0x00007f96eb803000 Uncommon trap: reason=unstable_if action=reinterpret pc=0x0000000116e7ebf4 method=java.util.HashMap.getNode(ILjava/lang/Object;)Ljava/util/HashMap$Node; @ 62
Event: 0.655 Thread 0x00007f96eb803000 Uncommon trap: reason=bimorphic action=maybe_recompile pc=0x0000000116ee30e8 method=java.util.HashMap.putVal(ILjava/lang/Object;Ljava/lang/Object;ZZ)Ljava/lang/Object; @ 91
Event: 0.655 Thread 0x00007f96eb803000 Uncommon trap: reason=bimorphic action=maybe_recompile pc=0x0000000116ee30e8 method=java.util.HashMap.putVal(ILjava/lang/Object;Ljava/lang/Object;ZZ)Ljava/lang/Object; @ 91
Event: 0.655 Thread 0x00007f96eb803000 Uncommon trap: reason=bimorphic action=maybe_recompile pc=0x0000000116ee30e8 method=java.util.HashMap.putVal(ILjava/lang/Object;Ljava/lang/Object;ZZ)Ljava/lang/Object; @ 91
Event: 0.660 Thread 0x00007f96eb803000 Uncommon trap: reason=bimorphic action=maybe_recompile pc=0x0000000116edc558 method=java.util.HashMap.putVal(ILjava/lang/Object;Ljava/lang/Object;ZZ)Ljava/lang/Object; @ 91
Event: 0.935 Thread 0x00007f96eb4ee800 Uncommon trap: reason=unstable_if action=reinterpret pc=0x0000000116f51fe4 method=java.util.concurrent.ConcurrentHashMap.putVal(Ljava/lang/Object;Ljava/lang/Object;Z)Ljava/lang/Object; @ 206
Event: 1.002 Thread 0x00007f96edbe3000 Uncommon trap: reason=class_check action=maybe_recompile pc=0x0000000116e867f8 method=java.util.regex.Matcher.match(II)Z @ 86
Event: 1.262 Thread 0x00007f96edbe3000 Uncommon trap: reason=class_check action=maybe_recompile pc=0x0000000116e867f8 method=java.util.regex.Matcher.match(II)Z @ 86
Event: 1.262 Thread 0x00007f96edbe3000 Uncommon trap: reason=class_check action=maybe_recompile pc=0x0000000116e63fe0 method=java.util.regex.Matcher.match(II)Z @ 86

Classes redefined (0 events):
No events

Internal exceptions (10 events):
Event: 0.949 Thread 0x00007f96eb4ee800 Exception <a 'java/lang/NoSuchMethodError': <clinit>> (0x00000007a03f1738) thrown at [/Volumes/android/AOSP-openjdk-git/jdk8u/hotspot/src/share/vm/prims/jni.cpp, line 1613]
Event: 0.949 Thread 0x00007f96eb4ee800 Exception <a 'java/lang/NoSuchMethodError': <clinit>> (0x00000007a03fa200) thrown at [/Volumes/android/AOSP-openjdk-git/jdk8u/hotspot/src/share/vm/prims/jni.cpp, line 1613]
Event: 0.950 Thread 0x00007f96eb4ee800 Exception <a 'java/lang/NoSuchMethodError': <clinit>> (0x00000007a0409740) thrown at [/Volumes/android/AOSP-openjdk-git/jdk8u/hotspot/src/share/vm/prims/jni.cpp, line 1613]
Event: 0.957 Thread 0x00007f96eb4ee800 Exception <a 'java/lang/NoSuchMethodError': <clinit>> (0x00000007a046f570) thrown at [/Volumes/android/AOSP-openjdk-git/jdk8u/hotspot/src/share/vm/prims/jni.cpp, line 1613]
Event: 0.960 Thread 0x00007f96eb4ee800 Exception <a 'java/lang/NoSuchMethodError': <clinit>> (0x00000007a0492c58) thrown at [/Volumes/android/AOSP-openjdk-git/jdk8u/hotspot/src/share/vm/prims/jni.cpp, line 1613]
Event: 0.963 Thread 0x00007f96eb4ee800 Exception <a 'java/lang/NoSuchMethodError': <clinit>> (0x00000007a04bf178) thrown at [/Volumes/android/AOSP-openjdk-git/jdk8u/hotspot/src/share/vm/prims/jni.cpp, line 1613]
Event: 0.964 Thread 0x00007f96eb4ee800 Exception <a 'java/lang/NoSuchMethodError': <clinit>> (0x00000007a04ccf28) thrown at [/Volumes/android/AOSP-openjdk-git/jdk8u/hotspot/src/share/vm/prims/jni.cpp, line 1613]
Event: 0.966 Thread 0x00007f96eb4ee800 Exception <a 'java/lang/NoSuchMethodError': <clinit>> (0x00000007a04ec138) thrown at [/Volumes/android/AOSP-openjdk-git/jdk8u/hotspot/src/share/vm/prims/jni.cpp, line 1613]
Event: 0.978 Thread 0x00007f96edbe3000 Exception <a 'java/lang/NoSuchMethodError': <clinit>> (0x00000007a06d7650) thrown at [/Volumes/android/AOSP-openjdk-git/jdk8u/hotspot/src/share/vm/prims/jni.cpp, line 1613]
Event: 0.979 Thread 0x00007f96edbe3000 Exception <a 'java/lang/NoSuchMethodError': <clinit>> (0x00000007a06df8d8) thrown at [/Volumes/android/AOSP-openjdk-git/jdk8u/hotspot/src/share/vm/prims/jni.cpp, line 1613]

Events (10 events):
Event: 1.472 loading class org/gradle/api/internal/artifacts/ivyservice/resolutionstrategy/ExternalResourceCachePolicy
Event: 1.472 loading class org/gradle/api/internal/artifacts/ivyservice/resolutionstrategy/ExternalResourceCachePolicy done
Event: 1.473 loading class org/gradle/api/internal/artifacts/ivyservice/ivyresolve/ModuleComponentRepository
Event: 1.473 loading class org/gradle/api/internal/artifacts/ivyservice/ivyresolve/ModuleComponentRepository done
Event: 1.474 loading class org/gradle/api/internal/artifacts/repositories/transport/RepositoryTransport
Event: 1.474 loading class org/gradle/api/internal/artifacts/repositories/transport/RepositoryTransport done
Event: 1.475 loading class org/gradle/internal/resource/connector/ResourceConnectorSpecification
Event: 1.475 loading class org/gradle/internal/resource/connector/ResourceConnectorSpecification done
Event: 1.476 loading class org/gradle/api/internal/artifacts/repositories/transport/RepositoryTransportFactory$DefaultResourceConnectorSpecification
Event: 1.476 loading class org/gradle/api/internal/artifacts/repositories/transport/RepositoryTransportFactory$DefaultResourceConnectorSpecification done


Dynamic libraries:
0x00000000054c8000 	/System/Library/Frameworks/Cocoa.framework/Versions/A/Cocoa
0x00000000054c8000 	/System/Library/Frameworks/Security.framework/Versions/A/Security
0x00000000054c8000 	/System/Library/Frameworks/ApplicationServices.framework/Versions/A/ApplicationServices
0x00000000054c8000 	/usr/lib/libz.1.dylib
0x00000000054c8000 	/usr/lib/libSystem.B.dylib
0x00000000054c8000 	/System/Library/Frameworks/CoreFoundation.framework/Versions/A/CoreFoundation
0x00000000054c8000 	/System/Library/Frameworks/Foundation.framework/Versions/C/Foundation
0x00000000054c8000 	/usr/lib/libobjc.A.dylib
0x00000000054c8000 	/System/Library/Frameworks/AppKit.framework/Versions/C/AppKit
0x00000000054c8000 	/System/Library/Frameworks/CoreData.framework/Versions/A/CoreData
0x00000000054c8000 	/System/Library/PrivateFrameworks/RemoteViewServices.framework/Versions/A/RemoteViewServices
0x00000000054c8000 	/System/Library/PrivateFrameworks/UIFoundation.framework/Versions/A/UIFoundation
0x00000000054c8000 	/System/Library/PrivateFrameworks/DFRFoundation.framework/Versions/A/DFRFoundation
0x00000000054c8000 	/System/Library/Frameworks/Metal.framework/Versions/A/Metal
0x00000000054c8000 	/System/Library/PrivateFrameworks/DesktopServicesPriv.framework/Versions/A/DesktopServicesPriv
0x00000000054c8000 	/usr/lib/libenergytrace.dylib
0x00000000054c8000 	/System/Library/PrivateFrameworks/SkyLight.framework/Versions/A/SkyLight
0x00000000054c8000 	/System/Library/Frameworks/CoreGraphics.framework/Versions/A/CoreGraphics
0x00000000054c8000 	/usr/lib/libScreenReader.dylib
0x00000000054c8000 	/System/Library/Frameworks/Accelerate.framework/Versions/A/Accelerate
0x00000000054c8000 	/System/Library/Frameworks/IOSurface.framework/Versions/A/IOSurface
0x00000000054c8000 	/System/Library/Frameworks/AudioToolbox.framework/Versions/A/AudioToolbox
0x00000000054c8000 	/System/Library/Frameworks/AudioUnit.framework/Versions/A/AudioUnit
0x00000000054c8000 	/System/Library/PrivateFrameworks/DataDetectorsCore.framework/Versions/A/DataDetectorsCore
0x00000000054c8000 	/System/Library/Frameworks/Carbon.framework/Versions/A/Frameworks/HIToolbox.framework/Versions/A/HIToolbox
0x00000000054c8000 	/usr/lib/libicucore.A.dylib
0x00000000054c8000 	/System/Library/Frameworks/QuartzCore.framework/Versions/A/QuartzCore
0x00000000054c8000 	/System/Library/Frameworks/Carbon.framework/Versions/A/Frameworks/SpeechRecognition.framework/Versions/A/SpeechRecognition
0x00000000054c8000 	/usr/lib/libauto.dylib
0x00000000054c8000 	/usr/lib/libxml2.2.dylib
0x00000000054c8000 	/System/Library/PrivateFrameworks/CoreUI.framework/Versions/A/CoreUI
0x00000000054c8000 	/System/Library/Frameworks/CoreAudio.framework/Versions/A/CoreAudio
0x00000000054c8000 	/System/Library/Frameworks/DiskArbitration.framework/Versions/A/DiskArbitration
0x00000000054c8000 	/usr/lib/liblangid.dylib
0x00000000054c8000 	/System/Library/PrivateFrameworks/MultitouchSupport.framework/Versions/A/MultitouchSupport
0x00000000054c8000 	/System/Library/Frameworks/IOKit.framework/Versions/A/IOKit
0x00000000054c8000 	/usr/lib/libDiagnosticMessagesClient.dylib
0x00000000054c8000 	/System/Library/Frameworks/CoreServices.framework/Versions/A/CoreServices
0x00000000054c8000 	/System/Library/PrivateFrameworks/PerformanceAnalysis.framework/Versions/A/PerformanceAnalysis
0x00000000054c8000 	/System/Library/Frameworks/OpenGL.framework/Versions/A/OpenGL
0x00000000054c8000 	/System/Library/Frameworks/ColorSync.framework/Versions/A/ColorSync
0x00000000054c8000 	/System/Library/Frameworks/CoreImage.framework/Versions/A/CoreImage
0x00000000054c8000 	/System/Library/Frameworks/CoreText.framework/Versions/A/CoreText
0x00000000054c8000 	/System/Library/Frameworks/ImageIO.framework/Versions/A/ImageIO
0x00000000054c8000 	/System/Library/PrivateFrameworks/Backup.framework/Versions/A/Backup
0x00000000054c8000 	/usr/lib/libarchive.2.dylib
0x00000000054c8000 	/System/Library/Frameworks/CFNetwork.framework/Versions/A/CFNetwork
0x00000000054c8000 	/System/Library/Frameworks/SystemConfiguration.framework/Versions/A/SystemConfiguration
0x00000000054c8000 	/usr/lib/libCRFSuite.dylib
0x00000000054c8000 	/usr/lib/libc++.1.dylib
0x00000000054c8000 	/usr/lib/libc++abi.dylib
0x00000000054c8000 	/usr/lib/system/libcache.dylib
0x00000000054c8000 	/usr/lib/system/libcommonCrypto.dylib
0x00000000054c8000 	/usr/lib/system/libcompiler_rt.dylib
0x00000000054c8000 	/usr/lib/system/libcopyfile.dylib
0x00000000054c8000 	/usr/lib/system/libcorecrypto.dylib
0x00000000054c8000 	/usr/lib/system/libdispatch.dylib
0x00000000054c8000 	/usr/lib/system/libdyld.dylib
0x00000000054c8000 	/usr/lib/system/libkeymgr.dylib
0x00000000054c8000 	/usr/lib/system/liblaunch.dylib
0x00000000054c8000 	/usr/lib/system/libmacho.dylib
0x00000000054c8000 	/usr/lib/system/libquarantine.dylib
0x00000000054c8000 	/usr/lib/system/libremovefile.dylib
0x00000000054c8000 	/usr/lib/system/libsystem_asl.dylib
0x00000000054c8000 	/usr/lib/system/libsystem_blocks.dylib
0x00000000054c8000 	/usr/lib/system/libsystem_c.dylib
0x00000000054c8000 	/usr/lib/system/libsystem_configuration.dylib
0x00000000054c8000 	/usr/lib/system/libsystem_coreservices.dylib
0x00000000054c8000 	/usr/lib/system/libsystem_darwin.dylib
0x00000000054c8000 	/usr/lib/system/libsystem_dnssd.dylib
0x00000000054c8000 	/usr/lib/system/libsystem_info.dylib
0x00000000054c8000 	/usr/lib/system/libsystem_m.dylib
0x00000000054c8000 	/usr/lib/system/libsystem_malloc.dylib
0x00000000054c8000 	/usr/lib/system/libsystem_network.dylib
0x00000000054c8000 	/usr/lib/system/libsystem_networkextension.dylib
0x00000000054c8000 	/usr/lib/system/libsystem_notify.dylib
0x00000000054c8000 	/usr/lib/system/libsystem_sandbox.dylib
0x00000000054c8000 	/usr/lib/system/libsystem_secinit.dylib
0x00000000054c8000 	/usr/lib/system/libsystem_kernel.dylib
0x00000000054c8000 	/usr/lib/system/libsystem_platform.dylib
0x00000000054c8000 	/usr/lib/system/libsystem_pthread.dylib
0x00000000054c8000 	/usr/lib/system/libsystem_symptoms.dylib
0x00000000054c8000 	/usr/lib/system/libsystem_trace.dylib
0x00000000054c8000 	/usr/lib/system/libunwind.dylib
0x00000000054c8000 	/usr/lib/system/libxpc.dylib
0x00000000054c8000 	/usr/lib/closure/libclosured.dylib
0x00000000054c8000 	/usr/lib/libbsm.0.dylib
0x00000000054c8000 	/usr/lib/system/libkxld.dylib
0x00000000054c8000 	/usr/lib/libOpenScriptingUtil.dylib
0x00000000054c8000 	/usr/lib/libcoretls.dylib
0x00000000054c8000 	/usr/lib/libcoretls_cfhelpers.dylib
0x00000000054c8000 	/usr/lib/libpam.2.dylib
0x00000000054c8000 	/usr/lib/libsqlite3.dylib
0x00000000054c8000 	/usr/lib/libxar.1.dylib
0x00000000054c8000 	/usr/lib/libbz2.1.0.dylib
0x00000000054c8000 	/usr/lib/liblzma.5.dylib
0x00000000054c8000 	/usr/lib/libnetwork.dylib
0x00000000054c8000 	/usr/lib/libapple_nghttp2.dylib
0x00000000054c8000 	/usr/lib/libpcap.A.dylib
0x00000000054c8000 	/usr/lib/libboringssl.dylib
0x00000000054c8000 	/usr/lib/libusrtcp.dylib
0x00000000054c8000 	/usr/lib/libapple_crypto.dylib
0x00000000054c8000 	/System/Library/Frameworks/CoreServices.framework/Versions/A/Frameworks/FSEvents.framework/Versions/A/FSEvents
0x00000000054c8000 	/System/Library/Frameworks/CoreServices.framework/Versions/A/Frameworks/CarbonCore.framework/Versions/A/CarbonCore
0x00000000054c8000 	/System/Library/Frameworks/CoreServices.framework/Versions/A/Frameworks/Metadata.framework/Versions/A/Metadata
0x00000000054c8000 	/System/Library/Frameworks/CoreServices.framework/Versions/A/Frameworks/OSServices.framework/Versions/A/OSServices
0x00000000054c8000 	/System/Library/Frameworks/CoreServices.framework/Versions/A/Frameworks/SearchKit.framework/Versions/A/SearchKit
0x00000000054c8000 	/System/Library/Frameworks/CoreServices.framework/Versions/A/Frameworks/AE.framework/Versions/A/AE
0x00000000054c8000 	/System/Library/Frameworks/CoreServices.framework/Versions/A/Frameworks/LaunchServices.framework/Versions/A/LaunchServices
0x00000000054c8000 	/System/Library/Frameworks/CoreServices.framework/Versions/A/Frameworks/DictionaryServices.framework/Versions/A/DictionaryServices
0x00000000054c8000 	/System/Library/Frameworks/CoreServices.framework/Versions/A/Frameworks/SharedFileList.framework/Versions/A/SharedFileList
0x00000000054c8000 	/System/Library/Frameworks/NetFS.framework/Versions/A/NetFS
0x00000000054c8000 	/System/Library/PrivateFrameworks/NetAuth.framework/Versions/A/NetAuth
0x00000000054c8000 	/System/Library/PrivateFrameworks/login.framework/Versions/A/Frameworks/loginsupport.framework/Versions/A/loginsupport
0x00000000054c8000 	/System/Library/PrivateFrameworks/TCC.framework/Versions/A/TCC
0x00000000054c8000 	/usr/lib/libmecabra.dylib
0x00000000054c8000 	/System/Library/Frameworks/ApplicationServices.framework/Versions/A/Frameworks/ATS.framework/Versions/A/ATS
0x00000000054c8000 	/System/Library/Frameworks/ApplicationServices.framework/Versions/A/Frameworks/ColorSyncLegacy.framework/Versions/A/ColorSyncLegacy
0x00000000054c8000 	/System/Library/Frameworks/ApplicationServices.framework/Versions/A/Frameworks/HIServices.framework/Versions/A/HIServices
0x00000000054c8000 	/System/Library/Frameworks/ApplicationServices.framework/Versions/A/Frameworks/LangAnalysis.framework/Versions/A/LangAnalysis
0x00000000054c8000 	/System/Library/Frameworks/ApplicationServices.framework/Versions/A/Frameworks/PrintCore.framework/Versions/A/PrintCore
0x00000000054c8000 	/System/Library/Frameworks/ApplicationServices.framework/Versions/A/Frameworks/QD.framework/Versions/A/QD
0x00000000054c8000 	/System/Library/Frameworks/ApplicationServices.framework/Versions/A/Frameworks/SpeechSynthesis.framework/Versions/A/SpeechSynthesis
0x00000000054c8000 	/System/Library/Frameworks/CoreDisplay.framework/Versions/A/CoreDisplay
0x00000000054c8000 	/System/Library/Frameworks/Accelerate.framework/Versions/A/Frameworks/vImage.framework/Versions/A/vImage
0x00000000054c8000 	/System/Library/Frameworks/Accelerate.framework/Versions/A/Frameworks/vecLib.framework/Versions/A/vecLib
0x00000000054c8000 	/System/Library/Frameworks/Accelerate.framework/Versions/A/Frameworks/vecLib.framework/Versions/A/libvDSP.dylib
0x00000000054c8000 	/System/Library/Frameworks/Accelerate.framework/Versions/A/Frameworks/vecLib.framework/Versions/A/libBNNS.dylib
0x00000000054c8000 	/System/Library/Frameworks/Accelerate.framework/Versions/A/Frameworks/vecLib.framework/Versions/A/libQuadrature.dylib
0x00000000054c8000 	/System/Library/Frameworks/Accelerate.framework/Versions/A/Frameworks/vecLib.framework/Versions/A/libvMisc.dylib
0x00000000054c8000 	/System/Library/Frameworks/Accelerate.framework/Versions/A/Frameworks/vecLib.framework/Versions/A/libLAPACK.dylib
0x00000000054c8000 	/System/Library/Frameworks/Accelerate.framework/Versions/A/Frameworks/vecLib.framework/Versions/A/libBLAS.dylib
0x00000000054c8000 	/System/Library/Frameworks/Accelerate.framework/Versions/A/Frameworks/vecLib.framework/Versions/A/libLinearAlgebra.dylib
0x00000000054c8000 	/System/Library/Frameworks/Accelerate.framework/Versions/A/Frameworks/vecLib.framework/Versions/A/libSparse.dylib
0x00000000054c8000 	/System/Library/Frameworks/Accelerate.framework/Versions/A/Frameworks/vecLib.framework/Versions/A/libSparseBLAS.dylib
0x00000000054c8000 	/System/Library/PrivateFrameworks/IOAccelerator.framework/Versions/A/IOAccelerator
0x00000000054c8000 	/System/Library/PrivateFrameworks/IOPresentment.framework/Versions/A/IOPresentment
0x00000000054c8000 	/System/Library/PrivateFrameworks/DSExternalDisplay.framework/Versions/A/DSExternalDisplay
0x00000000054c8000 	/System/Library/Frameworks/OpenGL.framework/Versions/A/Libraries/libCoreFSCache.dylib
0x00000000054c8000 	/System/Library/Frameworks/CoreVideo.framework/Versions/A/CoreVideo
0x00000000054c8000 	/System/Library/PrivateFrameworks/GraphVisualizer.framework/Versions/A/GraphVisualizer
0x00000000054c8000 	/System/Library/Frameworks/MetalPerformanceShaders.framework/Versions/A/MetalPerformanceShaders
0x00000000054c8000 	/usr/lib/libFosl_dynamic.dylib
0x00000000054c8000 	/System/Library/PrivateFrameworks/FaceCore.framework/Versions/A/FaceCore
0x00000000054c8000 	/System/Library/Frameworks/OpenCL.framework/Versions/A/OpenCL
0x00000000054c8000 	/usr/lib/libcompression.dylib
0x00000000054c8000 	/System/Library/Frameworks/ApplicationServices.framework/Versions/A/Frameworks/ATS.framework/Versions/A/Resources/libFontParser.dylib
0x00000000054c8000 	/System/Library/Frameworks/ApplicationServices.framework/Versions/A/Frameworks/ATS.framework/Versions/A/Resources/libFontRegistry.dylib
0x00000000054c8000 	/System/Library/Frameworks/ImageIO.framework/Versions/A/Resources/libJPEG.dylib
0x00000000054c8000 	/System/Library/Frameworks/ImageIO.framework/Versions/A/Resources/libTIFF.dylib
0x00000000054c8000 	/System/Library/Frameworks/ImageIO.framework/Versions/A/Resources/libPng.dylib
0x00000000054c8000 	/System/Library/Frameworks/ImageIO.framework/Versions/A/Resources/libGIF.dylib
0x00000000054c8000 	/System/Library/Frameworks/ImageIO.framework/Versions/A/Resources/libJP2.dylib
0x00000000054c8000 	/System/Library/Frameworks/ImageIO.framework/Versions/A/Resources/libRadiance.dylib
0x00000000054c8000 	/System/Library/PrivateFrameworks/AppleJPEG.framework/Versions/A/AppleJPEG
0x00000000054c8000 	/System/Library/PrivateFrameworks/MetalTools.framework/Versions/A/MetalTools
0x00000000054c8000 	/System/Library/Frameworks/MetalPerformanceShaders.framework/Frameworks/MPSCore.framework/Versions/A/MPSCore
0x00000000054c8000 	/System/Library/Frameworks/MetalPerformanceShaders.framework/Frameworks/MPSImage.framework/Versions/A/MPSImage
0x00000000054c8000 	/System/Library/Frameworks/MetalPerformanceShaders.framework/Frameworks/MPSMatrix.framework/Versions/A/MPSMatrix
0x00000000054c8000 	/System/Library/Frameworks/MetalPerformanceShaders.framework/Frameworks/MPSNeuralNetwork.framework/Versions/A/MPSNeuralNetwork
0x00000000054c8000 	/System/Library/Frameworks/OpenGL.framework/Versions/A/Libraries/libGLU.dylib
0x00000000054c8000 	/System/Library/Frameworks/OpenGL.framework/Versions/A/Libraries/libGFXShared.dylib
0x00000000054c8000 	/System/Library/Frameworks/OpenGL.framework/Versions/A/Libraries/libGL.dylib
0x00000000054c8000 	/System/Library/Frameworks/OpenGL.framework/Versions/A/Libraries/libGLImage.dylib
0x00000000054c8000 	/System/Library/Frameworks/OpenGL.framework/Versions/A/Libraries/libCVMSPluginSupport.dylib
0x00000000054c8000 	/System/Library/Frameworks/OpenGL.framework/Versions/A/Libraries/libCoreVMClient.dylib
0x00000000054c8000 	/usr/lib/libcups.2.dylib
0x00000000054c8000 	/System/Library/Frameworks/Kerberos.framework/Versions/A/Kerberos
0x00000000054c8000 	/System/Library/Frameworks/GSS.framework/Versions/A/GSS
0x00000000054c8000 	/usr/lib/libresolv.9.dylib
0x00000000054c8000 	/usr/lib/libiconv.2.dylib
0x00000000054c8000 	/System/Library/PrivateFrameworks/Heimdal.framework/Versions/A/Heimdal
0x00000000054c8000 	/usr/lib/libheimdal-asn1.dylib
0x00000000054c8000 	/System/Library/Frameworks/OpenDirectory.framework/Versions/A/OpenDirectory
0x00000000054c8000 	/System/Library/PrivateFrameworks/CommonAuth.framework/Versions/A/CommonAuth
0x00000000054c8000 	/System/Library/Frameworks/OpenDirectory.framework/Versions/A/Frameworks/CFOpenDirectory.framework/Versions/A/CFOpenDirectory
0x00000000054c8000 	/System/Library/Frameworks/SecurityFoundation.framework/Versions/A/SecurityFoundation
0x00000000054c8000 	/System/Library/PrivateFrameworks/APFS.framework/Versions/A/APFS
0x00000000054c8000 	/usr/lib/libutil.dylib
0x00000000054c8000 	/System/Library/PrivateFrameworks/AppleSauce.framework/Versions/A/AppleSauce
0x00000000054c8000 	/System/Library/PrivateFrameworks/LinguisticData.framework/Versions/A/LinguisticData
0x00000000054c8000 	/usr/lib/libmarisa.dylib
0x00000000054c8000 	/System/Library/PrivateFrameworks/Lexicon.framework/Versions/A/Lexicon
0x00000000054c8000 	/usr/lib/libChineseTokenizer.dylib
0x00000000054c8000 	/usr/lib/libcmph.dylib
0x00000000054c8000 	/System/Library/PrivateFrameworks/LanguageModeling.framework/Versions/A/LanguageModeling
0x00000000054c8000 	/System/Library/PrivateFrameworks/CoreEmoji.framework/Versions/A/CoreEmoji
0x00000000054c8000 	/System/Library/Frameworks/ServiceManagement.framework/Versions/A/ServiceManagement
0x00000000054c8000 	/System/Library/PrivateFrameworks/BackgroundTaskManagement.framework/Versions/A/BackgroundTaskManagement
0x00000000054c8000 	/usr/lib/libxslt.1.dylib
0x00000000054c8000 	/System/Library/Frameworks/Carbon.framework/Versions/A/Frameworks/Ink.framework/Versions/A/Ink
0x00000000054c8000 	/System/Library/PrivateFrameworks/TextureIO.framework/Versions/A/TextureIO
0x00000000054c8000 	/usr/lib/libate.dylib
0x00000000054c8000 	/System/Library/PrivateFrameworks/CrashReporterSupport.framework/Versions/A/CrashReporterSupport
0x00000000054c8000 	/System/Library/PrivateFrameworks/Sharing.framework/Versions/A/Sharing
0x00000000054c8000 	/System/Library/PrivateFrameworks/IconServices.framework/Versions/A/IconServices
0x00000000054c8000 	/System/Library/PrivateFrameworks/ProtocolBuffer.framework/Versions/A/ProtocolBuffer
0x00000000054c8000 	/System/Library/PrivateFrameworks/Apple80211.framework/Versions/A/Apple80211
0x00000000054c8000 	/System/Library/Frameworks/CoreWLAN.framework/Versions/A/CoreWLAN
0x00000000054c8000 	/System/Library/PrivateFrameworks/CoreUtils.framework/Versions/A/CoreUtils
0x00000000054c8000 	/System/Library/Frameworks/IOBluetooth.framework/Versions/A/IOBluetooth
0x00000000054c8000 	/System/Library/PrivateFrameworks/CoreWiFi.framework/Versions/A/CoreWiFi
0x00000000054c8000 	/System/Library/Frameworks/CoreBluetooth.framework/Versions/A/CoreBluetooth
0x00000000054c8000 	/System/Library/PrivateFrameworks/SignpostNotification.framework/Versions/A/SignpostNotification
0x00000000054c8000 	/System/Library/PrivateFrameworks/DebugSymbols.framework/Versions/A/DebugSymbols
0x00000000054c8000 	/System/Library/PrivateFrameworks/CoreSymbolication.framework/Versions/A/CoreSymbolication
0x00000000054c8000 	/System/Library/PrivateFrameworks/Symbolication.framework/Versions/A/Symbolication
0x00000000054c8000 	/System/Library/PrivateFrameworks/AppleFSCompression.framework/Versions/A/AppleFSCompression
0x00000000054c8000 	/System/Library/PrivateFrameworks/SpeechRecognitionCore.framework/Versions/A/SpeechRecognitionCore
0x0000000109600000 	/Applications/Android Studio.app/Contents/jre/jdk/Contents/Home/jre/lib/server/libjvm.dylib
0x00000000054c8000 	/usr/lib/libstdc++.6.0.9.dylib
0x0000000108460000 	/Applications/Android Studio.app/Contents/jre/jdk/Contents/Home/jre/lib/libverify.dylib
0x000000010846c000 	/Applications/Android Studio.app/Contents/jre/jdk/Contents/Home/jre/lib/libjava.dylib
0x00000001084ea000 	/Applications/Android Studio.app/Contents/jre/jdk/Contents/Home/jre/lib/libzip.dylib
0x0000000110818000 	/Applications/Android Studio.app/Contents/jre/jdk/Contents/Home/jre/lib/libnet.dylib
0x00000001108b6000 	/Applications/Android Studio.app/Contents/jre/jdk/Contents/Home/jre/lib/libnio.dylib
0x0000000110a60000 	/Users/annascott/.gradle/native/25/osx-amd64/libnative-platform.dylib
0x0000000110e26000 	/Applications/Android Studio.app/Contents/jre/jdk/Contents/Home/jre/lib/libmanagement.dylib

VM Arguments:
jvm_args: -Xmx1536m -Dfile.encoding=UTF-8 -Duser.country=US -Duser.language=en -Duser.variant 
java_command: org.gradle.launcher.daemon.bootstrap.GradleDaemon 4.4
java_class_path (initial): /Users/annascott/.gradle/wrapper/dists/gradle-4.4-all/9br9xq1tocpiv8o6njlyu5op1/gradle-4.4/lib/gradle-launcher-4.4.jar
Launcher Type: SUN_STANDARD

Environment Variables:
PATH=/usr/local/bin:/usr/bin:/bin:/usr/sbin:/sbin
SHELL=/bin/bash

Signal Handlers:
SIGSEGV: [libjvm.dylib+0x53f567], sa_mask[0]=11111111011111110111111111111111, sa_flags=SA_ONSTACK|SA_RESTART|SA_SIGINFO
SIGBUS: [libjvm.dylib+0x53f567], sa_mask[0]=11111111011111110111111111111111, sa_flags=SA_RESTART|SA_SIGINFO
SIGFPE: [libjvm.dylib+0x437adf], sa_mask[0]=11111111011111110111111111111111, sa_flags=SA_RESTART|SA_SIGINFO
SIGPIPE: [libjvm.dylib+0x437adf], sa_mask[0]=11111111011111110111111111111111, sa_flags=SA_RESTART|SA_SIGINFO
SIGXFSZ: [libjvm.dylib+0x437adf], sa_mask[0]=11111111011111110111111111111111, sa_flags=SA_RESTART|SA_SIGINFO
SIGILL: [libjvm.dylib+0x437adf], sa_mask[0]=11111111011111110111111111111111, sa_flags=SA_RESTART|SA_SIGINFO
SIGUSR1: SIG_DFL, sa_mask[0]=00000000000000000000000000000000, sa_flags=none
SIGUSR2: [libjvm.dylib+0x438404], sa_mask[0]=00100000000000000000000000000000, sa_flags=SA_RESTART|SA_SIGINFO
SIGHUP: [libjvm.dylib+0x4365f9], sa_mask[0]=11111111011111110111111111111111, sa_flags=SA_RESTART|SA_SIGINFO
SIGINT: [libjvm.dylib+0x4365f9], sa_mask[0]=11111111011111110111111111111111, sa_flags=SA_RESTART|SA_SIGINFO
SIGTERM: [libjvm.dylib+0x4365f9], sa_mask[0]=11111111011111110111111111111111, sa_flags=SA_RESTART|SA_SIGINFO
SIGQUIT: [libjvm.dylib+0x4365f9], sa_mask[0]=11111111011111110111111111111111, sa_flags=SA_RESTART|SA_SIGINFO


---------------  S Y S T E M  ---------------

OS:Bsduname:Darwin 17.3.0 Darwin Kernel Version 17.3.0: Thu Nov  9 18:09:22 PST 2017; root:xnu-4570.31.3~1/RELEASE_X86_64 x86_64
rlimit: STACK 8192k, CORE 0k, NPROC 1418, NOFILE 10240, AS infinity
load average:2.22 1.73 1.80

CPU:total 8 (initial active 8) (4 cores per cpu, 2 threads per core) family 6 model 94 stepping 3, cmov, cx8, fxsr, mmx, sse, sse2, sse3, ssse3, sse4.1, sse4.2, popcnt, avx, avx2, aes, clmul, erms, rtm, 3dnowpref, lzcnt, ht, tsc, tscinvbit, bmi1, bmi2, adx

Memory: 4k page, physical 16777216k(2618248k free)

/proc/meminfo:


vm_info: OpenJDK 64-Bit Server VM (25.152-b01) for bsd-amd64 JRE (1.8.0_152-release-1024-b01), built by "builder" with gcc 4.2.1 Compatible Apple LLVM 8.1.0 (clang-802.0.42)

time: Thu May  3 20:12:02 2018
elapsed time: 1 seconds (0d 0h 0m 1s)

