#
# A fatal error has been detected by the Java Runtime Environment:
#
#  SIGSEGV (0xb) at pc=0x000000010734a46f, pid=552, tid=0x0000000000004203
#
# JRE version: OpenJDK Runtime Environment (8.0_152-b01) (build 1.8.0_152-release-1024-b01)
# Java VM: OpenJDK 64-Bit Server VM (25.152-b01 mixed mode bsd-amd64 compressed oops)
# Problematic frame:
# V  [libjvm.dylib+0x14a46f]
#
# Failed to write core dump. Core dumps have been disabled. To enable core dumping, try "ulimit -c unlimited" before starting Java again
#
# If you would like to submit a bug report, please visit:
#   http://bugreport.java.com/bugreport/crash.jsp
#

---------------  T H R E A D  ---------------

Current thread (0x00007fd271017000):  JavaThread "C2 CompilerThread1" daemon [_thread_in_native, id=16899, stack(0x0000700002b07000,0x0000700002c07000)]

siginfo: si_signo: 11 (SIGSEGV), si_code: 0 (unknown), si_addr: 0x0000000000000000

Registers:
RAX=0x0000000000000007, RBX=0x0000000000000002, RCX=0x00007fd2730c3210, RDX=0x0000000000000000
RSP=0x0000700002c039d0, RBP=0x0000700002c03a50, RSI=0x0000000000000000, RDI=0x80007fd27412bc40
R8 =0x00000001079e3f50, R9 =0x0000000000000000, R10=0x0000000000000001, R11=0x0000000001010101
R12=0x00007fd27300fd30, R13=0x000000011ff15010, R14=0x0000000000000637, R15=0x0000700002c052b8
RIP=0x000000010734a46f, EFLAGS=0x0000000000010212, ERR=0x0000000000000000
  TRAPNO=0x000000000000000d

Top of Stack: (sp=0x0000700002c039d0)
0x0000700002c039d0:   0000700002c06078 00000001079ec6a8
0x0000700002c039e0:   00000000ffffffff 0000036d00000007
0x0000700002c039f0:   000000011ff15010 0000000000000002
0x0000700002c03a00:   00007fd27300fd30 00000001001b5d30
0x0000700002c03a10:   000000011ff3d6a0 0000700002c052b8
0x0000700002c03a20:   00007fd27412bc80 0000700002c03bf0
0x0000700002c03a30:   0000700002c053a0 0000700002c052b8
0x0000700002c03a40:   0000000000000000 0000700002c03b28
0x0000700002c03a50:   0000700002c03c80 0000000107349eeb
0x0000700002c03a60:   00007fffa376d000 00000001079afba0
0x0000700002c03a70:   000070000000000d 0000700002c06078
0x0000700002c03a80:   0000700002c052b8 0000000100000000
0x0000700002c03a90:   00007fd2759cbd10 000000000000000c
0x0000700002c03aa0:   0000700002c03ac0 00007fff6a80a50b
0x0000700002c03ab0:   0000000000000000 00000001079deffc
0x0000700002c03ac0:   0000700002c03b00 0000000107632926
0x0000700002c03ad0:   0000000000000000 000000000000e7e0
0x0000700002c03ae0:   00007fd2738c0000 0000700002c052b8
0x0000700002c03af0:   00007fd2748a0200 000000000000e7e0
0x0000700002c03b00:   0000700002c03b50 0000000107298931
0x0000700002c03b10:   0000000000000000 0000000000000038
0x0000700002c03b20:   0000000000000000 000000000000000a
0x0000700002c03b30:   0000700002c06078 000000010f8bf010
0x0000700002c03b40:   000000010f915010 00007fd274943210
0x0000700002c03b50:   00007fd2749478e0 00007fd272b16b10
0x0000700002c03b60:   0000700002c053e8 0000700002c053c8
0x0000700002c03b70:   00007000000037bf 0000700002c03bf0
0x0000700002c03b80:   0000700000000002 00007fd271904290
0x0000700002c03b90:   00007fd271904290 00007fd2719042a0
0x0000700002c03ba0:   00007fd271904678 00000000000003d8
0x0000700002c03bb0:   000070000000000c 0000700002c06078
0x0000700002c03bc0:   000000011fa6c010 0000000000000000 

Instructions: (pc=0x000000010734a46f)
0x000000010734a44f:   08 01 e9 0d 02 00 00 41 39 44 24 18 89 45 98 76
0x000000010734a45f:   0d 89 c0 49 8b 4c 24 20 48 8b 3c c1 eb 02 31 ff
0x000000010734a46f:   8b 47 2c 89 c1 83 e1 03 83 f9 02 48 89 7d d0 75
0x000000010734a47f:   16 48 8b 07 ff 90 c8 00 00 00 48 8b 7d d0 41 89 

Register to memory mapping:

RAX=0x0000000000000007 is an unknown value
RBX=0x0000000000000002 is an unknown value
RCX=0x00007fd2730c3210 is an unknown value
RDX=0x0000000000000000 is an unknown value
RSP=0x0000700002c039d0 is pointing into the stack for thread: 0x00007fd271017000
RBP=0x0000700002c03a50 is pointing into the stack for thread: 0x00007fd271017000
RSI=0x0000000000000000 is an unknown value
RDI=0x80007fd27412bc40 is an unknown value
R8 =0x00000001079e3f50: bitsInByte+0 in /Applications/Android Studio.app/Contents/jre/jdk/Contents/Home/jre/lib/server/libjvm.dylib at 0x0000000107200000
R9 =0x0000000000000000 is an unknown value
R10=0x0000000000000001 is an unknown value
R11=0x0000000001010101 is an unknown value
R12=0x00007fd27300fd30 is an unknown value
R13=0x000000011ff15010 is an unknown value
R14=0x0000000000000637 is an unknown value
R15=0x0000700002c052b8 is pointing into the stack for thread: 0x00007fd271017000


Stack: [0x0000700002b07000,0x0000700002c07000],  sp=0x0000700002c039d0,  free space=1010k
Native frames: (J=compiled Java code, j=interpreted, Vv=VM code, C=native code)
V  [libjvm.dylib+0x14a46f]
V  [libjvm.dylib+0x149eeb]
V  [libjvm.dylib+0x1969a0]
V  [libjvm.dylib+0x195388]
V  [libjvm.dylib+0x13b9da]
V  [libjvm.dylib+0x1a067a]
V  [libjvm.dylib+0x19fc78]
V  [libjvm.dylib+0x505e88]
V  [libjvm.dylib+0x505d4d]
V  [libjvm.dylib+0x435709]
C  [libsystem_pthread.dylib+0x36c1]  _pthread_body+0x154
C  [libsystem_pthread.dylib+0x356d]  _pthread_body+0x0
C  [libsystem_pthread.dylib+0x2c5d]  thread_start+0xd
C  0x0000000000000000


Current CompileTask:
C2:   2111 1328   !   4       java.net.URLClassLoader$1::run (63 bytes)


---------------  P R O C E S S  ---------------

Java Threads: ( => current thread )
  0x00007fd270aae000 JavaThread "Cache worker for file hash cache (/Users/annascott/AndroidStudioProjects/KeepingSparringScore/.gradle/4.4/fileHashes)" [_thread_blocked, id=40963, stack(0x0000700003a34000,0x0000700003b34000)]
  0x00007fd26f346800 
[error occurred during error reporting (printing all threads), id 0xb]

VM state:at safepoint (normal execution)

VM Mutex/Monitor currently owned by a thread:  ([mutex/lock_event])
[0x00007fd26ee02860] Threads_lock - owner thread: 0x00007fd26f057800
[0x00007fd26ee02d60] Heap_lock - owner thread: 0x00007fd26f308800

Heap:
 PSYoungGen      total 76288K, used 8678K [0x00000007a0000000, 0x00000007a9500000, 0x00000007c0000000)
  eden space 65536K, 0% used [0x00000007a0000000,0x00000007a0000000,0x00000007a4000000)
  from space 10752K, 80% used [0x00000007a4000000,0x00000007a4879b88,0x00000007a4a80000)
  to   space 10752K, 0% used [0x00000007a8a80000,0x00000007a8a80000,0x00000007a9500000)
 ParOldGen       total 175104K, used 32K [0x0000000760000000, 0x000000076ab00000, 0x00000007a0000000)
  object space 175104K, 0% used [0x0000000760000000,0x0000000760008000,0x000000076ab00000)
 Metaspace       used 20671K, capacity 21070K, committed 21248K, reserved 1067008K
  class space    used 2900K, capacity 3038K, committed 3072K, reserved 1048576K

Card table byte_map: [0x0000000108028000,0x0000000108329000] byte_map_base: 0x0000000104528000

Marking Bits: (ParMarkBitMap*) 0x00000001079f81c8
 Begin Bits: [0x0000000108529000, 0x0000000109d29000)
 End Bits:   [0x0000000109d29000, 0x000000010b529000)

Polling page: 0x0000000106170000

CodeCache: size=245760Kb used=5114Kb max_used=5124Kb free=240645Kb
 bounds [0x00000001105f7000, 0x0000000110b07000, 0x000000011f5f7000]
 total_blobs=1963 nmethods=1586 adapters=291
 compilation: enabled

Compilation events (10 events):
Event: 2.064 Thread 0x00007fd26f811000 nmethod 1586 0x0000000110af8d10 code [0x0000000110af8e60, 0x0000000110af8f70]
Event: 2.064 Thread 0x00007fd26f811000 1587       1       org.codehaus.groovy.runtime.metaclass.NewInstanceMetaMethod::isStatic (2 bytes)
Event: 2.064 Thread 0x00007fd26f811000 nmethod 1587 0x0000000110afaa10 code [0x0000000110afab60, 0x0000000110afac70]
Event: 2.064 Thread 0x00007fd26f811000 1588       1       org.codehaus.groovy.runtime.metaclass.MetaClassRegistryImpl::access$400 (5 bytes)
Event: 2.064 Thread 0x00007fd26f810800 nmethod 1582 0x0000000110afacd0 code [0x0000000110afae20, 0x0000000110afb168]
Event: 2.064 Thread 0x00007fd26f811000 nmethod 1588 0x0000000110af8a50 code [0x0000000110af8ba0, 0x0000000110af8c90]
Event: 2.064 Thread 0x00007fd26f811000 1589       3       java.util.concurrent.atomic.AtomicInteger::incrementAndGet (14 bytes)
Event: 2.064 Thread 0x00007fd26f811000 nmethod 1589 0x0000000110af8750 code [0x0000000110af88a0, 0x0000000110af89f0]
Event: 2.085 Thread 0x00007fd26f811000 1590       1       java.util.logging.Logger::getName (5 bytes)
Event: 2.085 Thread 0x00007fd26f811000 nmethod 1590 0x0000000110af8290 code [0x0000000110af83e0, 0x0000000110af84f0]

GC Heap History (7 events):
Event: 1.029 GC heap before
{Heap before GC invocations=1 (full 0):
 PSYoungGen      total 76288K, used 65536K [0x00000007a0000000, 0x00000007a5500000, 0x00000007c0000000)
  eden space 65536K, 100% used [0x00000007a0000000,0x00000007a4000000,0x00000007a4000000)
  from space 10752K, 0% used [0x00000007a4a80000,0x00000007a4a80000,0x00000007a5500000)
  to   space 10752K, 0% used [0x00000007a4000000,0x00000007a4000000,0x00000007a4a80000)
 ParOldGen       total 175104K, used 0K [0x0000000760000000, 0x000000076ab00000, 0x00000007a0000000)
  object space 175104K, 0% used [0x0000000760000000,0x0000000760000000,0x000000076ab00000)
 Metaspace       used 10537K, capacity 10824K, committed 11008K, reserved 1058816K
  class space    used 1412K, capacity 1518K, committed 1536K, reserved 1048576K
Event: 1.036 GC heap after
Heap after GC invocations=1 (full 0):
 PSYoungGen      total 76288K, used 7802K [0x00000007a0000000, 0x00000007a5500000, 0x00000007c0000000)
  eden space 65536K, 0% used [0x00000007a0000000,0x00000007a0000000,0x00000007a4000000)
  from space 10752K, 72% used [0x00000007a4000000,0x00000007a479eaa0,0x00000007a4a80000)
  to   space 10752K, 0% used [0x00000007a4a80000,0x00000007a4a80000,0x00000007a5500000)
 ParOldGen       total 175104K, used 16K [0x0000000760000000, 0x000000076ab00000, 0x00000007a0000000)
  object space 175104K, 0% used [0x0000000760000000,0x0000000760004000,0x000000076ab00000)
 Metaspace       used 10537K, capacity 10824K, committed 11008K, reserved 1058816K
  class space    used 1412K, capacity 1518K, committed 1536K, reserved 1048576K
}
Event: 1.734 GC heap before
{Heap before GC invocations=2 (full 0):
 PSYoungGen      total 76288K, used 73338K [0x00000007a0000000, 0x00000007a5500000, 0x00000007c0000000)
  eden space 65536K, 100% used [0x00000007a0000000,0x00000007a4000000,0x00000007a4000000)
  from space 10752K, 72% used [0x00000007a4000000,0x00000007a479eaa0,0x00000007a4a80000)
  to   space 10752K, 0% used [0x00000007a4a80000,0x00000007a4a80000,0x00000007a5500000)
 ParOldGen       total 175104K, used 16K [0x0000000760000000, 0x000000076ab00000, 0x00000007a0000000)
  object space 175104K, 0% used [0x0000000760000000,0x0000000760004000,0x000000076ab00000)
 Metaspace       used 16687K, capacity 17068K, committed 17408K, reserved 1064960K
  class space    used 2414K, capacity 2542K, committed 2560K, reserved 1048576K
Event: 1.747 GC heap after
Heap after GC invocations=2 (full 0):
 PSYoungGen      total 76288K, used 10471K [0x00000007a0000000, 0x00000007a9500000, 0x00000007c0000000)
  eden space 65536K, 0% used [0x00000007a0000000,0x00000007a0000000,0x00000007a4000000)
  from space 10752K, 97% used [0x00000007a4a80000,0x00000007a54b9e80,0x00000007a5500000)
  to   space 10752K, 0% used [0x00000007a4000000,0x00000007a4000000,0x00000007a4a80000)
 ParOldGen       total 175104K, used 24K [0x0000000760000000, 0x000000076ab00000, 0x00000007a0000000)
  object space 175104K, 0% used [0x0000000760000000,0x0000000760006000,0x000000076ab00000)
 Metaspace       used 16687K, capacity 17068K, committed 17408K, reserved 1064960K
  class space    used 2414K, capacity 2542K, committed 2560K, reserved 1048576K
}
Event: 2.085 GC heap before
{Heap before GC invocations=3 (full 0):
 PSYoungGen      total 76288K, used 33185K [0x00000007a0000000, 0x00000007a9500000, 0x00000007c0000000)
  eden space 65536K, 34% used [0x00000007a0000000,0x00000007a162e8d0,0x00000007a4000000)
  from space 10752K, 97% used [0x00000007a4a80000,0x00000007a54b9e80,0x00000007a5500000)
  to   space 10752K, 0% used [0x00000007a4000000,0x00000007a4000000,0x00000007a4a80000)
 ParOldGen       total 175104K, used 24K [0x0000000760000000, 0x000000076ab00000, 0x00000007a0000000)
  object space 175104K, 0% used [0x0000000760000000,0x0000000760006000,0x000000076ab00000)
 Metaspace       used 20671K, capacity 21070K, committed 21248K, reserved 1067008K
  class space    used 2900K, capacity 3038K, committed 3072K, reserved 1048576K
Event: 2.092 GC heap after
Heap after GC invocations=3 (full 0):
 PSYoungGen      total 76288K, used 8678K [0x00000007a0000000, 0x00000007a9500000, 0x00000007c0000000)
  eden space 65536K, 0% used [0x00000007a0000000,0x00000007a0000000,0x00000007a4000000)
  from space 10752K, 80% used [0x00000007a4000000,0x00000007a4879b88,0x00000007a4a80000)
  to   space 10752K, 0% used [0x00000007a8a80000,0x00000007a8a80000,0x00000007a9500000)
 ParOldGen       total 175104K, used 32K [0x0000000760000000, 0x000000076ab00000, 0x00000007a0000000)
  object space 175104K, 0% used [0x0000000760000000,0x0000000760008000,0x000000076ab00000)
 Metaspace       used 20671K, capacity 21070K, committed 21248K, reserved 1067008K
  class space    used 2900K, capacity 3038K, committed 3072K, reserved 1048576K
}
Event: 2.092 GC heap before
{Heap before GC invocations=4 (full 1):
 PSYoungGen      total 76288K, used 8678K [0x00000007a0000000, 0x00000007a9500000, 0x00000007c0000000)
  eden space 65536K, 0% used [0x00000007a0000000,0x00000007a0000000,0x00000007a4000000)
  from space 10752K, 80% used [0x00000007a4000000,0x00000007a4879b88,0x00000007a4a80000)
  to   space 10752K, 0% used [0x00000007a8a80000,0x00000007a8a80000,0x00000007a9500000)
 ParOldGen       total 175104K, used 32K [0x0000000760000000, 0x000000076ab00000, 0x00000007a0000000)
  object space 175104K, 0% used [0x0000000760000000,0x0000000760008000,0x000000076ab00000)
 Metaspace       used 20671K, capacity 21070K, committed 21248K, reserved 1067008K
  class space    used 2900K, capacity 3038K, committed 3072K, reserved 1048576K

Deoptimization events (10 events):
Event: 1.751 Thread 0x00007fd26f308800 Uncommon trap: reason=bimorphic action=maybe_recompile pc=0x00000001109ff3ac method=java.lang.ClassLoader.loadClass(Ljava/lang/String;Z)Ljava/lang/Class; @ 38
Event: 1.752 Thread 0x00007fd26f308800 Uncommon trap: reason=bimorphic action=maybe_recompile pc=0x00000001109ff3ac method=java.lang.ClassLoader.loadClass(Ljava/lang/String;Z)Ljava/lang/Class; @ 38
Event: 1.753 Thread 0x00007fd26f308800 Uncommon trap: reason=bimorphic action=maybe_recompile pc=0x00000001109ff3ac method=java.lang.ClassLoader.loadClass(Ljava/lang/String;Z)Ljava/lang/Class; @ 38
Event: 1.753 Thread 0x00007fd26f308800 Uncommon trap: reason=bimorphic action=maybe_recompile pc=0x00000001109ff3ac method=java.lang.ClassLoader.loadClass(Ljava/lang/String;Z)Ljava/lang/Class; @ 38
Event: 1.838 Thread 0x00007fd26f308800 Uncommon trap: reason=unstable_if action=reinterpret pc=0x000000011078f348 method=java.lang.AbstractStringBuilder.append(Ljava/lang/String;)Ljava/lang/AbstractStringBuilder; @ 1
Event: 1.838 Thread 0x00007fd26f308800 Uncommon trap: reason=unstable_if action=reinterpret pc=0x00000001107652cc method=java.lang.AbstractStringBuilder.append(Ljava/lang/String;)Ljava/lang/AbstractStringBuilder; @ 1
Event: 1.869 Thread 0x00007fd26f308800 Uncommon trap: reason=class_check action=maybe_recompile pc=0x00000001107c52dc method=sun.misc.URLClassPath.getLoader(I)Lsun/misc/URLClassPath$Loader; @ 94
Event: 1.869 Thread 0x00007fd26f308800 Uncommon trap: reason=class_check action=maybe_recompile pc=0x00000001108d16ac method=sun.misc.URLClassPath.getResource(Ljava/lang/String;Z)Lsun/misc/Resource; @ 62
Event: 1.870 Thread 0x00007fd26f308800 Uncommon trap: reason=unstable_if action=reinterpret pc=0x0000000110aaeae4 method=java.lang.ClassLoader.getClassLoadingLock(Ljava/lang/String;)Ljava/lang/Object; @ 6
Event: 1.872 Thread 0x00007fd26f308800 Uncommon trap: reason=unstable_if action=reinterpret pc=0x0000000110aaabfc method=java.lang.ClassLoader.getClassLoadingLock(Ljava/lang/String;)Ljava/lang/Object; @ 6

Classes redefined (0 events):
No events

Internal exceptions (10 events):
Event: 1.783 Thread 0x00007fd26f308800 Exception <a 'java/lang/NoSuchMethodError': <clinit>> (0x00000007a01fa530) thrown at [/Volumes/android/AOSP-openjdk-git/jdk8u/hotspot/src/share/vm/prims/jni.cpp, line 1613]
Event: 1.783 Thread 0x00007fd26f308800 Exception <a 'java/lang/NoSuchMethodError': <clinit>> (0x00000007a01fedb8) thrown at [/Volumes/android/AOSP-openjdk-git/jdk8u/hotspot/src/share/vm/prims/jni.cpp, line 1613]
Event: 1.784 Thread 0x00007fd26f308800 Exception <a 'java/lang/NoSuchMethodError': <clinit>> (0x00000007a0207c48) thrown at [/Volumes/android/AOSP-openjdk-git/jdk8u/hotspot/src/share/vm/prims/jni.cpp, line 1613]
Event: 1.784 Thread 0x00007fd26f308800 Exception <a 'java/lang/NoSuchMethodError': <clinit>> (0x00000007a0215ce8) thrown at [/Volumes/android/AOSP-openjdk-git/jdk8u/hotspot/src/share/vm/prims/jni.cpp, line 1613]
Event: 1.785 Thread 0x00007fd26f308800 Exception <a 'java/lang/NoSuchMethodError': <clinit>> (0x00000007a0222670) thrown at [/Volumes/android/AOSP-openjdk-git/jdk8u/hotspot/src/share/vm/prims/jni.cpp, line 1613]
Event: 1.789 Thread 0x00007fd26f308800 Exception <a 'java/lang/NoSuchMethodError': <clinit>> (0x00000007a027e5e0) thrown at [/Volumes/android/AOSP-openjdk-git/jdk8u/hotspot/src/share/vm/prims/jni.cpp, line 1613]
Event: 1.789 Thread 0x00007fd26f308800 Exception <a 'java/lang/NoSuchMethodError': <clinit>> (0x00000007a02822a0) thrown at [/Volumes/android/AOSP-openjdk-git/jdk8u/hotspot/src/share/vm/prims/jni.cpp, line 1613]
Event: 1.790 Thread 0x00007fd26f308800 Exception <a 'java/lang/NoSuchMethodError': <clinit>> (0x00000007a0283da8) thrown at [/Volumes/android/AOSP-openjdk-git/jdk8u/hotspot/src/share/vm/prims/jni.cpp, line 1613]
Event: 1.838 Thread 0x00007fd26f308800 Implicit null exception at 0x000000011078ef75 to 0x000000011078f335
Event: 1.838 Thread 0x00007fd26f308800 Implicit null exception at 0x0000000110764ef6 to 0x00000001107652b5

Events (10 events):
Event: 2.082 loading class org/codehaus/groovy/reflection/CachedConstructor$1 done
Event: 2.083 loading class org/codehaus/groovy/runtime/metaclass/ClosureMetaMethod
Event: 2.083 loading class org/codehaus/groovy/runtime/metaclass/ClosureMetaMethod done
Event: 2.083 loading class groovy/lang/ClosureInvokingMethod
Event: 2.083 loading class groovy/lang/ClosureInvokingMethod done
Event: 2.083 loading class org/codehaus/groovy/runtime/MetaClassHelper
Event: 2.083 loading class org/codehaus/groovy/runtime/MetaClassHelper done
Event: 2.085 loading class org/codehaus/groovy/runtime/metaclass/ClosureStaticMetaMethod
Event: 2.085 loading class org/codehaus/groovy/runtime/metaclass/ClosureStaticMetaMethod done
Event: 2.085 Executing VM operation: CollectForMetadataAllocation


Dynamic libraries:
0x000000001b3e8000 	/System/Library/Frameworks/Cocoa.framework/Versions/A/Cocoa
0x000000001b3e8000 	/System/Library/Frameworks/Security.framework/Versions/A/Security
0x000000001b3e8000 	/System/Library/Frameworks/ApplicationServices.framework/Versions/A/ApplicationServices
0x000000001b3e8000 	/usr/lib/libz.1.dylib
0x000000001b3e8000 	/usr/lib/libSystem.B.dylib
0x000000001b3e8000 	/System/Library/Frameworks/CoreFoundation.framework/Versions/A/CoreFoundation
0x000000001b3e8000 	/System/Library/Frameworks/Foundation.framework/Versions/C/Foundation
0x000000001b3e8000 	/usr/lib/libobjc.A.dylib
0x000000001b3e8000 	/System/Library/Frameworks/AppKit.framework/Versions/C/AppKit
0x000000001b3e8000 	/System/Library/Frameworks/CoreData.framework/Versions/A/CoreData
0x000000001b3e8000 	/System/Library/PrivateFrameworks/RemoteViewServices.framework/Versions/A/RemoteViewServices
0x000000001b3e8000 	/System/Library/PrivateFrameworks/UIFoundation.framework/Versions/A/UIFoundation
0x000000001b3e8000 	/System/Library/PrivateFrameworks/DFRFoundation.framework/Versions/A/DFRFoundation
0x000000001b3e8000 	/System/Library/Frameworks/Metal.framework/Versions/A/Metal
0x000000001b3e8000 	/System/Library/PrivateFrameworks/DesktopServicesPriv.framework/Versions/A/DesktopServicesPriv
0x000000001b3e8000 	/usr/lib/libenergytrace.dylib
0x000000001b3e8000 	/System/Library/PrivateFrameworks/SkyLight.framework/Versions/A/SkyLight
0x000000001b3e8000 	/System/Library/Frameworks/CoreGraphics.framework/Versions/A/CoreGraphics
0x000000001b3e8000 	/usr/lib/libScreenReader.dylib
0x000000001b3e8000 	/System/Library/Frameworks/Accelerate.framework/Versions/A/Accelerate
0x000000001b3e8000 	/System/Library/Frameworks/IOSurface.framework/Versions/A/IOSurface
0x000000001b3e8000 	/System/Library/Frameworks/AudioToolbox.framework/Versions/A/AudioToolbox
0x000000001b3e8000 	/System/Library/Frameworks/AudioUnit.framework/Versions/A/AudioUnit
0x000000001b3e8000 	/System/Library/PrivateFrameworks/DataDetectorsCore.framework/Versions/A/DataDetectorsCore
0x000000001b3e8000 	/System/Library/Frameworks/Carbon.framework/Versions/A/Frameworks/HIToolbox.framework/Versions/A/HIToolbox
0x000000001b3e8000 	/usr/lib/libicucore.A.dylib
0x000000001b3e8000 	/System/Library/Frameworks/QuartzCore.framework/Versions/A/QuartzCore
0x000000001b3e8000 	/System/Library/Frameworks/Carbon.framework/Versions/A/Frameworks/SpeechRecognition.framework/Versions/A/SpeechRecognition
0x000000001b3e8000 	/usr/lib/libauto.dylib
0x000000001b3e8000 	/usr/lib/libxml2.2.dylib
0x000000001b3e8000 	/System/Library/PrivateFrameworks/CoreUI.framework/Versions/A/CoreUI
0x000000001b3e8000 	/System/Library/Frameworks/CoreAudio.framework/Versions/A/CoreAudio
0x000000001b3e8000 	/System/Library/Frameworks/DiskArbitration.framework/Versions/A/DiskArbitration
0x000000001b3e8000 	/usr/lib/liblangid.dylib
0x000000001b3e8000 	/System/Library/PrivateFrameworks/MultitouchSupport.framework/Versions/A/MultitouchSupport
0x000000001b3e8000 	/System/Library/Frameworks/IOKit.framework/Versions/A/IOKit
0x000000001b3e8000 	/usr/lib/libDiagnosticMessagesClient.dylib
0x000000001b3e8000 	/System/Library/Frameworks/CoreServices.framework/Versions/A/CoreServices
0x000000001b3e8000 	/System/Library/PrivateFrameworks/PerformanceAnalysis.framework/Versions/A/PerformanceAnalysis
0x000000001b3e8000 	/System/Library/Frameworks/OpenGL.framework/Versions/A/OpenGL
0x000000001b3e8000 	/System/Library/Frameworks/ColorSync.framework/Versions/A/ColorSync
0x000000001b3e8000 	/System/Library/Frameworks/CoreImage.framework/Versions/A/CoreImage
0x000000001b3e8000 	/System/Library/Frameworks/CoreText.framework/Versions/A/CoreText
0x000000001b3e8000 	/System/Library/Frameworks/ImageIO.framework/Versions/A/ImageIO
0x000000001b3e8000 	/System/Library/PrivateFrameworks/Backup.framework/Versions/A/Backup
0x000000001b3e8000 	/usr/lib/libarchive.2.dylib
0x000000001b3e8000 	/System/Library/Frameworks/CFNetwork.framework/Versions/A/CFNetwork
0x000000001b3e8000 	/System/Library/Frameworks/SystemConfiguration.framework/Versions/A/SystemConfiguration
0x000000001b3e8000 	/usr/lib/libCRFSuite.dylib
0x000000001b3e8000 	/usr/lib/libc++.1.dylib
0x000000001b3e8000 	/usr/lib/libc++abi.dylib
0x000000001b3e8000 	/usr/lib/system/libcache.dylib
0x000000001b3e8000 	/usr/lib/system/libcommonCrypto.dylib
0x000000001b3e8000 	/usr/lib/system/libcompiler_rt.dylib
0x000000001b3e8000 	/usr/lib/system/libcopyfile.dylib
0x000000001b3e8000 	/usr/lib/system/libcorecrypto.dylib
0x000000001b3e8000 	/usr/lib/system/libdispatch.dylib
0x000000001b3e8000 	/usr/lib/system/libdyld.dylib
0x000000001b3e8000 	/usr/lib/system/libkeymgr.dylib
0x000000001b3e8000 	/usr/lib/system/liblaunch.dylib
0x000000001b3e8000 	/usr/lib/system/libmacho.dylib
0x000000001b3e8000 	/usr/lib/system/libquarantine.dylib
0x000000001b3e8000 	/usr/lib/system/libremovefile.dylib
0x000000001b3e8000 	/usr/lib/system/libsystem_asl.dylib
0x000000001b3e8000 	/usr/lib/system/libsystem_blocks.dylib
0x000000001b3e8000 	/usr/lib/system/libsystem_c.dylib
0x000000001b3e8000 	/usr/lib/system/libsystem_configuration.dylib
0x000000001b3e8000 	/usr/lib/system/libsystem_coreservices.dylib
0x000000001b3e8000 	/usr/lib/system/libsystem_darwin.dylib
0x000000001b3e8000 	/usr/lib/system/libsystem_dnssd.dylib
0x000000001b3e8000 	/usr/lib/system/libsystem_info.dylib
0x000000001b3e8000 	/usr/lib/system/libsystem_m.dylib
0x000000001b3e8000 	/usr/lib/system/libsystem_malloc.dylib
0x000000001b3e8000 	/usr/lib/system/libsystem_network.dylib
0x000000001b3e8000 	/usr/lib/system/libsystem_networkextension.dylib
0x000000001b3e8000 	/usr/lib/system/libsystem_notify.dylib
0x000000001b3e8000 	/usr/lib/system/libsystem_sandbox.dylib
0x000000001b3e8000 	/usr/lib/system/libsystem_secinit.dylib
0x000000001b3e8000 	/usr/lib/system/libsystem_kernel.dylib
0x000000001b3e8000 	/usr/lib/system/libsystem_platform.dylib
0x000000001b3e8000 	/usr/lib/system/libsystem_pthread.dylib
0x000000001b3e8000 	/usr/lib/system/libsystem_symptoms.dylib
0x000000001b3e8000 	/usr/lib/system/libsystem_trace.dylib
0x000000001b3e8000 	/usr/lib/system/libunwind.dylib
0x000000001b3e8000 	/usr/lib/system/libxpc.dylib
0x000000001b3e8000 	/usr/lib/closure/libclosured.dylib
0x000000001b3e8000 	/usr/lib/libbsm.0.dylib
0x000000001b3e8000 	/usr/lib/system/libkxld.dylib
0x000000001b3e8000 	/usr/lib/libOpenScriptingUtil.dylib
0x000000001b3e8000 	/usr/lib/libcoretls.dylib
0x000000001b3e8000 	/usr/lib/libcoretls_cfhelpers.dylib
0x000000001b3e8000 	/usr/lib/libpam.2.dylib
0x000000001b3e8000 	/usr/lib/libsqlite3.dylib
0x000000001b3e8000 	/usr/lib/libxar.1.dylib
0x000000001b3e8000 	/usr/lib/libbz2.1.0.dylib
0x000000001b3e8000 	/usr/lib/liblzma.5.dylib
0x000000001b3e8000 	/usr/lib/libnetwork.dylib
0x000000001b3e8000 	/usr/lib/libapple_nghttp2.dylib
0x000000001b3e8000 	/usr/lib/libpcap.A.dylib
0x000000001b3e8000 	/usr/lib/libboringssl.dylib
0x000000001b3e8000 	/usr/lib/libusrtcp.dylib
0x000000001b3e8000 	/usr/lib/libapple_crypto.dylib
0x000000001b3e8000 	/System/Library/Frameworks/CoreServices.framework/Versions/A/Frameworks/FSEvents.framework/Versions/A/FSEvents
0x000000001b3e8000 	/System/Library/Frameworks/CoreServices.framework/Versions/A/Frameworks/CarbonCore.framework/Versions/A/CarbonCore
0x000000001b3e8000 	/System/Library/Frameworks/CoreServices.framework/Versions/A/Frameworks/Metadata.framework/Versions/A/Metadata
0x000000001b3e8000 	/System/Library/Frameworks/CoreServices.framework/Versions/A/Frameworks/OSServices.framework/Versions/A/OSServices
0x000000001b3e8000 	/System/Library/Frameworks/CoreServices.framework/Versions/A/Frameworks/SearchKit.framework/Versions/A/SearchKit
0x000000001b3e8000 	/System/Library/Frameworks/CoreServices.framework/Versions/A/Frameworks/AE.framework/Versions/A/AE
0x000000001b3e8000 	/System/Library/Frameworks/CoreServices.framework/Versions/A/Frameworks/LaunchServices.framework/Versions/A/LaunchServices
0x000000001b3e8000 	/System/Library/Frameworks/CoreServices.framework/Versions/A/Frameworks/DictionaryServices.framework/Versions/A/DictionaryServices
0x000000001b3e8000 	/System/Library/Frameworks/CoreServices.framework/Versions/A/Frameworks/SharedFileList.framework/Versions/A/SharedFileList
0x000000001b3e8000 	/System/Library/Frameworks/NetFS.framework/Versions/A/NetFS
0x000000001b3e8000 	/System/Library/PrivateFrameworks/NetAuth.framework/Versions/A/NetAuth
0x000000001b3e8000 	/System/Library/PrivateFrameworks/login.framework/Versions/A/Frameworks/loginsupport.framework/Versions/A/loginsupport
0x000000001b3e8000 	/System/Library/PrivateFrameworks/TCC.framework/Versions/A/TCC
0x000000001b3e8000 	/usr/lib/libmecabra.dylib
0x000000001b3e8000 	/System/Library/Frameworks/ApplicationServices.framework/Versions/A/Frameworks/ATS.framework/Versions/A/ATS
0x000000001b3e8000 	/System/Library/Frameworks/ApplicationServices.framework/Versions/A/Frameworks/ColorSyncLegacy.framework/Versions/A/ColorSyncLegacy
0x000000001b3e8000 	/System/Library/Frameworks/ApplicationServices.framework/Versions/A/Frameworks/HIServices.framework/Versions/A/HIServices
0x000000001b3e8000 	/System/Library/Frameworks/ApplicationServices.framework/Versions/A/Frameworks/LangAnalysis.framework/Versions/A/LangAnalysis
0x000000001b3e8000 	/System/Library/Frameworks/ApplicationServices.framework/Versions/A/Frameworks/PrintCore.framework/Versions/A/PrintCore
0x000000001b3e8000 	/System/Library/Frameworks/ApplicationServices.framework/Versions/A/Frameworks/QD.framework/Versions/A/QD
0x000000001b3e8000 	/System/Library/Frameworks/ApplicationServices.framework/Versions/A/Frameworks/SpeechSynthesis.framework/Versions/A/SpeechSynthesis
0x000000001b3e8000 	/System/Library/Frameworks/CoreDisplay.framework/Versions/A/CoreDisplay
0x000000001b3e8000 	/System/Library/Frameworks/Accelerate.framework/Versions/A/Frameworks/vImage.framework/Versions/A/vImage
0x000000001b3e8000 	/System/Library/Frameworks/Accelerate.framework/Versions/A/Frameworks/vecLib.framework/Versions/A/vecLib
0x000000001b3e8000 	/System/Library/Frameworks/Accelerate.framework/Versions/A/Frameworks/vecLib.framework/Versions/A/libvDSP.dylib
0x000000001b3e8000 	/System/Library/Frameworks/Accelerate.framework/Versions/A/Frameworks/vecLib.framework/Versions/A/libBNNS.dylib
0x000000001b3e8000 	/System/Library/Frameworks/Accelerate.framework/Versions/A/Frameworks/vecLib.framework/Versions/A/libQuadrature.dylib
0x000000001b3e8000 	/System/Library/Frameworks/Accelerate.framework/Versions/A/Frameworks/vecLib.framework/Versions/A/libvMisc.dylib
0x000000001b3e8000 	/System/Library/Frameworks/Accelerate.framework/Versions/A/Frameworks/vecLib.framework/Versions/A/libLAPACK.dylib
0x000000001b3e8000 	/System/Library/Frameworks/Accelerate.framework/Versions/A/Frameworks/vecLib.framework/Versions/A/libBLAS.dylib
0x000000001b3e8000 	/System/Library/Frameworks/Accelerate.framework/Versions/A/Frameworks/vecLib.framework/Versions/A/libLinearAlgebra.dylib
0x000000001b3e8000 	/System/Library/Frameworks/Accelerate.framework/Versions/A/Frameworks/vecLib.framework/Versions/A/libSparse.dylib
0x000000001b3e8000 	/System/Library/Frameworks/Accelerate.framework/Versions/A/Frameworks/vecLib.framework/Versions/A/libSparseBLAS.dylib
0x000000001b3e8000 	/System/Library/PrivateFrameworks/IOAccelerator.framework/Versions/A/IOAccelerator
0x000000001b3e8000 	/System/Library/PrivateFrameworks/IOPresentment.framework/Versions/A/IOPresentment
0x000000001b3e8000 	/System/Library/PrivateFrameworks/DSExternalDisplay.framework/Versions/A/DSExternalDisplay
0x000000001b3e8000 	/System/Library/Frameworks/OpenGL.framework/Versions/A/Libraries/libCoreFSCache.dylib
0x000000001b3e8000 	/System/Library/Frameworks/CoreVideo.framework/Versions/A/CoreVideo
0x000000001b3e8000 	/System/Library/PrivateFrameworks/GraphVisualizer.framework/Versions/A/GraphVisualizer
0x000000001b3e8000 	/System/Library/Frameworks/MetalPerformanceShaders.framework/Versions/A/MetalPerformanceShaders
0x000000001b3e8000 	/usr/lib/libFosl_dynamic.dylib
0x000000001b3e8000 	/System/Library/PrivateFrameworks/FaceCore.framework/Versions/A/FaceCore
0x000000001b3e8000 	/System/Library/Frameworks/OpenCL.framework/Versions/A/OpenCL
0x000000001b3e8000 	/usr/lib/libcompression.dylib
0x000000001b3e8000 	/System/Library/Frameworks/ApplicationServices.framework/Versions/A/Frameworks/ATS.framework/Versions/A/Resources/libFontParser.dylib
0x000000001b3e8000 	/System/Library/Frameworks/ApplicationServices.framework/Versions/A/Frameworks/ATS.framework/Versions/A/Resources/libFontRegistry.dylib
0x000000001b3e8000 	/System/Library/Frameworks/ImageIO.framework/Versions/A/Resources/libJPEG.dylib
0x000000001b3e8000 	/System/Library/Frameworks/ImageIO.framework/Versions/A/Resources/libTIFF.dylib
0x000000001b3e8000 	/System/Library/Frameworks/ImageIO.framework/Versions/A/Resources/libPng.dylib
0x000000001b3e8000 	/System/Library/Frameworks/ImageIO.framework/Versions/A/Resources/libGIF.dylib
0x000000001b3e8000 	/System/Library/Frameworks/ImageIO.framework/Versions/A/Resources/libJP2.dylib
0x000000001b3e8000 	/System/Library/Frameworks/ImageIO.framework/Versions/A/Resources/libRadiance.dylib
0x000000001b3e8000 	/System/Library/PrivateFrameworks/AppleJPEG.framework/Versions/A/AppleJPEG
0x000000001b3e8000 	/System/Library/PrivateFrameworks/MetalTools.framework/Versions/A/MetalTools
0x000000001b3e8000 	/System/Library/Frameworks/MetalPerformanceShaders.framework/Frameworks/MPSCore.framework/Versions/A/MPSCore
0x000000001b3e8000 	/System/Library/Frameworks/MetalPerformanceShaders.framework/Frameworks/MPSImage.framework/Versions/A/MPSImage
0x000000001b3e8000 	/System/Library/Frameworks/MetalPerformanceShaders.framework/Frameworks/MPSMatrix.framework/Versions/A/MPSMatrix
0x000000001b3e8000 	/System/Library/Frameworks/MetalPerformanceShaders.framework/Frameworks/MPSNeuralNetwork.framework/Versions/A/MPSNeuralNetwork
0x000000001b3e8000 	/System/Library/Frameworks/OpenGL.framework/Versions/A/Libraries/libGLU.dylib
0x000000001b3e8000 	/System/Library/Frameworks/OpenGL.framework/Versions/A/Libraries/libGFXShared.dylib
0x000000001b3e8000 	/System/Library/Frameworks/OpenGL.framework/Versions/A/Libraries/libGL.dylib
0x000000001b3e8000 	/System/Library/Frameworks/OpenGL.framework/Versions/A/Libraries/libGLImage.dylib
0x000000001b3e8000 	/System/Library/Frameworks/OpenGL.framework/Versions/A/Libraries/libCVMSPluginSupport.dylib
0x000000001b3e8000 	/System/Library/Frameworks/OpenGL.framework/Versions/A/Libraries/libCoreVMClient.dylib
0x000000001b3e8000 	/usr/lib/libcups.2.dylib
0x000000001b3e8000 	/System/Library/Frameworks/Kerberos.framework/Versions/A/Kerberos
0x000000001b3e8000 	/System/Library/Frameworks/GSS.framework/Versions/A/GSS
0x000000001b3e8000 	/usr/lib/libresolv.9.dylib
0x000000001b3e8000 	/usr/lib/libiconv.2.dylib
0x000000001b3e8000 	/System/Library/PrivateFrameworks/Heimdal.framework/Versions/A/Heimdal
0x000000001b3e8000 	/usr/lib/libheimdal-asn1.dylib
0x000000001b3e8000 	/System/Library/Frameworks/OpenDirectory.framework/Versions/A/OpenDirectory
0x000000001b3e8000 	/System/Library/PrivateFrameworks/CommonAuth.framework/Versions/A/CommonAuth
0x000000001b3e8000 	/System/Library/Frameworks/OpenDirectory.framework/Versions/A/Frameworks/CFOpenDirectory.framework/Versions/A/CFOpenDirectory
0x000000001b3e8000 	/System/Library/Frameworks/SecurityFoundation.framework/Versions/A/SecurityFoundation
0x000000001b3e8000 	/System/Library/PrivateFrameworks/APFS.framework/Versions/A/APFS
0x000000001b3e8000 	/usr/lib/libutil.dylib
0x000000001b3e8000 	/System/Library/PrivateFrameworks/AppleSauce.framework/Versions/A/AppleSauce
0x000000001b3e8000 	/System/Library/PrivateFrameworks/LinguisticData.framework/Versions/A/LinguisticData
0x000000001b3e8000 	/usr/lib/libmarisa.dylib
0x000000001b3e8000 	/System/Library/PrivateFrameworks/Lexicon.framework/Versions/A/Lexicon
0x000000001b3e8000 	/usr/lib/libChineseTokenizer.dylib
0x000000001b3e8000 	/usr/lib/libcmph.dylib
0x000000001b3e8000 	/System/Library/PrivateFrameworks/LanguageModeling.framework/Versions/A/LanguageModeling
0x000000001b3e8000 	/System/Library/PrivateFrameworks/CoreEmoji.framework/Versions/A/CoreEmoji
0x000000001b3e8000 	/System/Library/Frameworks/ServiceManagement.framework/Versions/A/ServiceManagement
0x000000001b3e8000 	/System/Library/PrivateFrameworks/BackgroundTaskManagement.framework/Versions/A/BackgroundTaskManagement
0x000000001b3e8000 	/usr/lib/libxslt.1.dylib
0x000000001b3e8000 	/System/Library/Frameworks/Carbon.framework/Versions/A/Frameworks/Ink.framework/Versions/A/Ink
0x000000001b3e8000 	/System/Library/PrivateFrameworks/TextureIO.framework/Versions/A/TextureIO
0x000000001b3e8000 	/usr/lib/libate.dylib
0x000000001b3e8000 	/System/Library/PrivateFrameworks/CrashReporterSupport.framework/Versions/A/CrashReporterSupport
0x000000001b3e8000 	/System/Library/PrivateFrameworks/Sharing.framework/Versions/A/Sharing
0x000000001b3e8000 	/System/Library/PrivateFrameworks/IconServices.framework/Versions/A/IconServices
0x000000001b3e8000 	/System/Library/PrivateFrameworks/ProtocolBuffer.framework/Versions/A/ProtocolBuffer
0x000000001b3e8000 	/System/Library/PrivateFrameworks/Apple80211.framework/Versions/A/Apple80211
0x000000001b3e8000 	/System/Library/Frameworks/CoreWLAN.framework/Versions/A/CoreWLAN
0x000000001b3e8000 	/System/Library/PrivateFrameworks/CoreUtils.framework/Versions/A/CoreUtils
0x000000001b3e8000 	/System/Library/Frameworks/IOBluetooth.framework/Versions/A/IOBluetooth
0x000000001b3e8000 	/System/Library/PrivateFrameworks/CoreWiFi.framework/Versions/A/CoreWiFi
0x000000001b3e8000 	/System/Library/Frameworks/CoreBluetooth.framework/Versions/A/CoreBluetooth
0x000000001b3e8000 	/System/Library/PrivateFrameworks/SignpostNotification.framework/Versions/A/SignpostNotification
0x000000001b3e8000 	/System/Library/PrivateFrameworks/DebugSymbols.framework/Versions/A/DebugSymbols
0x000000001b3e8000 	/System/Library/PrivateFrameworks/CoreSymbolication.framework/Versions/A/CoreSymbolication
0x000000001b3e8000 	/System/Library/PrivateFrameworks/Symbolication.framework/Versions/A/Symbolication
0x000000001b3e8000 	/System/Library/PrivateFrameworks/AppleFSCompression.framework/Versions/A/AppleFSCompression
0x000000001b3e8000 	/System/Library/PrivateFrameworks/SpeechRecognitionCore.framework/Versions/A/SpeechRecognitionCore
0x0000000107200000 	/Applications/Android Studio.app/Contents/jre/jdk/Contents/Home/jre/lib/server/libjvm.dylib
0x000000001b3e8000 	/usr/lib/libstdc++.6.0.9.dylib
0x0000000106130000 	/Applications/Android Studio.app/Contents/jre/jdk/Contents/Home/jre/lib/libverify.dylib
0x000000010613c000 	/Applications/Android Studio.app/Contents/jre/jdk/Contents/Home/jre/lib/libjava.dylib
0x00000001061ba000 	/Applications/Android Studio.app/Contents/jre/jdk/Contents/Home/jre/lib/libzip.dylib
0x000000010e4ab000 	/Applications/Android Studio.app/Contents/jre/jdk/Contents/Home/jre/lib/libnet.dylib
0x000000010e50a000 	/Applications/Android Studio.app/Contents/jre/jdk/Contents/Home/jre/lib/libnio.dylib
0x000000010e72f000 	/Users/annascott/.gradle/native/25/osx-amd64/libnative-platform.dylib
0x000000010eaf5000 	/Applications/Android Studio.app/Contents/jre/jdk/Contents/Home/jre/lib/libmanagement.dylib

VM Arguments:
jvm_args: -Xmx1536m -Dfile.encoding=UTF-8 -Duser.country=US -Duser.language=en -Duser.variant 
java_command: org.gradle.launcher.daemon.bootstrap.GradleDaemon 4.4
java_class_path (initial): /Users/annascott/.gradle/wrapper/dists/gradle-4.4-all/9br9xq1tocpiv8o6njlyu5op1/gradle-4.4/lib/gradle-launcher-4.4.jar
Launcher Type: SUN_STANDARD

Environment Variables:
PATH=/usr/local/bin:/usr/bin:/bin:/usr/sbin:/sbin
SHELL=/bin/bash

Signal Handlers:
SIGSEGV: [libjvm.dylib+0x53f567], sa_mask[0]=11111111011111110111111111111111, sa_flags=SA_ONSTACK|SA_RESTART|SA_SIGINFO
SIGBUS: [libjvm.dylib+0x53f567], sa_mask[0]=11111111011111110111111111111111, sa_flags=SA_RESTART|SA_SIGINFO
SIGFPE: [libjvm.dylib+0x437adf], sa_mask[0]=11111111011111110111111111111111, sa_flags=SA_RESTART|SA_SIGINFO
SIGPIPE: [libjvm.dylib+0x437adf], sa_mask[0]=11111111011111110111111111111111, sa_flags=SA_RESTART|SA_SIGINFO
SIGXFSZ: [libjvm.dylib+0x437adf], sa_mask[0]=11111111011111110111111111111111, sa_flags=SA_RESTART|SA_SIGINFO
SIGILL: [libjvm.dylib+0x437adf], sa_mask[0]=11111111011111110111111111111111, sa_flags=SA_RESTART|SA_SIGINFO
SIGUSR1: SIG_DFL, sa_mask[0]=00000000000000000000000000000000, sa_flags=none
SIGUSR2: [libjvm.dylib+0x438404], sa_mask[0]=00100000000000000000000000000000, sa_flags=SA_RESTART|SA_SIGINFO
SIGHUP: [libjvm.dylib+0x4365f9], sa_mask[0]=11111111011111110111111111111111, sa_flags=SA_RESTART|SA_SIGINFO
SIGINT: [libjvm.dylib+0x4365f9], sa_mask[0]=11111111011111110111111111111111, sa_flags=SA_RESTART|SA_SIGINFO
SIGTERM: [libjvm.dylib+0x4365f9], sa_mask[0]=11111111011111110111111111111111, sa_flags=SA_RESTART|SA_SIGINFO
SIGQUIT: [libjvm.dylib+0x4365f9], sa_mask[0]=11111111011111110111111111111111, sa_flags=SA_RESTART|SA_SIGINFO


---------------  S Y S T E M  ---------------

OS:Bsduname:Darwin 17.3.0 Darwin Kernel Version 17.3.0: Thu Nov  9 18:09:22 PST 2017; root:xnu-4570.31.3~1/RELEASE_X86_64 x86_64
rlimit: STACK 8192k, CORE 0k, NPROC 1418, NOFILE 10240, AS infinity
load average:1.41 1.55 1.58

CPU:total 8 (initial active 8) (4 cores per cpu, 2 threads per core) family 6 model 94 stepping 3, cmov, cx8, fxsr, mmx, sse, sse2, sse3, ssse3, sse4.1, sse4.2, popcnt, avx, avx2, aes, clmul, erms, rtm, 3dnowpref, lzcnt, ht, tsc, tscinvbit, bmi1, bmi2, adx

Memory: 4k page, physical 16777216k(2594228k free)

/proc/meminfo:


vm_info: OpenJDK 64-Bit Server VM (25.152-b01) for bsd-amd64 JRE (1.8.0_152-release-1024-b01), built by "builder" with gcc 4.2.1 Compatible Apple LLVM 8.1.0 (clang-802.0.42)

time: Sun May  6 16:25:30 2018
elapsed time: 2 seconds (0d 0h 0m 2s)

