#
# A fatal error has been detected by the Java Runtime Environment:
#
#  SIGSEGV (0xb) at pc=0x0000000106357b79, pid=553, tid=0x0000000000004003
#
# JRE version: OpenJDK Runtime Environment (8.0_152-b01) (build 1.8.0_152-release-1024-b01)
# Java VM: OpenJDK 64-Bit Server VM (25.152-b01 mixed mode bsd-amd64 compressed oops)
# Problematic frame:
# V  [libjvm.dylib+0x157b79]  ciMethod::ensure_method_data()+0x1f
#
# Failed to write core dump. Core dumps have been disabled. To enable core dumping, try "ulimit -c unlimited" before starting Java again
#
# If you would like to submit a bug report, please visit:
#   http://bugreport.java.com/bugreport/crash.jsp
#

---------------  T H R E A D  ---------------

Current thread (0x00007fac87848800):  JavaThread "C1 CompilerThread3" daemon [_thread_in_native, id=16387, stack(0x000070000b381000,0x000070000b481000)]

siginfo: si_signo: 11 (SIGSEGV), si_code: 0 (unknown), si_addr: 0x0000000000000000

Registers:
RAX=0x80007fac8b185e50, RBX=0x00007fac87833b80, RCX=0x0000000000000003, RDX=0x00007fac8b185d10
RSP=0x000070000b47ff10, RBP=0x000070000b47ff70, RSI=0x00007fac87848800, RDI=0x00007fac8b185d10
R8 =0x0000000000000000, R9 =0x000000010a8abd48, R10=0x000000010a8adc80, R11=0x00000001069f2dfb
R12=0x00007fac8b185d10, R13=0x00007fac8b185d10, R14=0x000070000b480401, R15=0x0000000000000001
RIP=0x0000000106357b79, EFLAGS=0x0000000000010286, ERR=0x0000000000000000
  TRAPNO=0x000000000000000d

Top of Stack: (sp=0x000070000b47ff10)
0x000070000b47ff10:   000070000b47ff50 0000000106358c60
0x000070000b47ff20:   00007fac8570ff48 0000000000000000
0x000070000b47ff30:   000070000b47ff70 000000010635941e
0x000070000b47ff40:   000070000b4804f0 00007fac87848800
0x000070000b47ff50:   00007fac87833b80 00000000000000b7
0x000070000b47ff60:   000070000b4804f0 0000000000000001
0x000070000b47ff70:   000070000b47ffe0 00000001062e755c
0x000070000b47ff80:   00007fac87848800 00007fac87848800
0x000070000b47ff90:   000000010a8adcc0 00007fac87848800
0x000070000b47ffa0:   00007fac8b185d10 0000000000000001
0x000070000b47ffb0:   000070000b4804f0 00007fac8b185d10
0x000070000b47ffc0:   0000000000000001 00007fac8b185d10
0x000070000b47ffd0:   000070000b4804f0 00000000000000b7
0x000070000b47ffe0:   000070000b480020 00000001062e2862
0x000070000b47fff0:   0000000000000001 00007fac8b185d10
0x000070000b480000:   00007fac8b185d10 000070000b4804f0
0x000070000b480010:   00000000000000b7 00007fac8b185d10
0x000070000b480020:   000070000b4800c0 00000001062e20c2
0x000070000b480030:   000000010699ac60 00007fac8b185dd0
0x000070000b480040:   00007fac87833b80 00007fac8b182550
0x000070000b480050:   00007fac88d51120 0000000000000000
0x000070000b480060:   00007fac87833b80 00007fac87833b80
0x000070000b480070:   0000000000000000 00007fac8b185d01
0x000070000b480080:   00007fac8b185d10 01007fac87f755c0
0x000070000b480090:   00007fac8b185d10 0000000000000000
0x000070000b4800a0:   0000000000000000 00000000000000b6
0x000070000b4800b0:   000070000b4804f0 0000000000000000
0x000070000b4800c0:   000070000b480160 00000001062e3ea8
0x000070000b4800d0:   000070000b480100 00000001069c71d0
0x000070000b4800e0:   00007fac8b1828f0 00007fac8b182550
0x000070000b4800f0:   00007fac8b183cb4 0000000000000000
0x000070000b480100:   00007fac87f75590 00007fac8b183ca0 

Instructions: (pc=0x0000000106357b79)
0x0000000106357b59:   c3 55 48 89 e5 41 57 41 56 41 54 53 48 83 ec 40
0x0000000106357b69:   49 89 fc 49 8b 44 24 38 48 85 c0 74 0d 41 b6 01
0x0000000106357b79:   80 78 2c 00 0f 85 59 01 00 00 e8 cc 5f ff ff 84
0x0000000106357b89:   c0 0f 84 83 00 00 00 49 8b 5c 24 10 48 89 5d b0 

Register to memory mapping:

RAX=0x80007fac8b185e50 is an unknown value
RBX=0x00007fac87833b80 is an unknown value
RCX=0x0000000000000003 is an unknown value
RDX=0x00007fac8b185d10 is an unknown value
RSP=0x000070000b47ff10 is pointing into the stack for thread: 0x00007fac87848800
RBP=0x000070000b47ff70 is pointing into the stack for thread: 0x00007fac87848800
RSI=0x00007fac87848800 is a thread
RDI=0x00007fac8b185d10 is an unknown value
R8 =0x0000000000000000 is an unknown value
R9 =0x000000010a8abd48 is pointing into metadata
R10=0x000000010a8adc80 is pointing into metadata
R11=0x00000001069f2dfb: AssumeMP+0 in /Applications/Android Studio.app/Contents/jre/jdk/Contents/Home/jre/lib/server/libjvm.dylib at 0x0000000106200000
R12=0x00007fac8b185d10 is an unknown value
R13=0x00007fac8b185d10 is an unknown value
R14=0x000070000b480401 is pointing into the stack for thread: 0x00007fac87848800
R15=0x0000000000000001 is an unknown value


Stack: [0x000070000b381000,0x000070000b481000],  sp=0x000070000b47ff10,  free space=1019k
Native frames: (J=compiled Java code, j=interpreted, Vv=VM code, C=native code)
V  [libjvm.dylib+0x157b79]  ciMethod::ensure_method_data()+0x1f
V  [libjvm.dylib+0xe755c]  GraphBuilder::try_inline_full(ciMethod*, bool, Bytecodes::Code, Instruction*)+0x10c
V  [libjvm.dylib+0xe2862]  GraphBuilder::try_inline(ciMethod*, bool, Bytecodes::Code, Instruction*)+0xd8
V  [libjvm.dylib+0xe20c2]  GraphBuilder::invoke(Bytecodes::Code)+0x82e
V  [libjvm.dylib+0xe3ea8]  GraphBuilder::iterate_bytecodes_for_block(int)+0x23c
V  [libjvm.dylib+0xe5809]  GraphBuilder::iterate_all_blocks(bool)+0x69
V  [libjvm.dylib+0xe7d96]  GraphBuilder::try_inline_full(ciMethod*, bool, Bytecodes::Code, Instruction*)+0x946
V  [libjvm.dylib+0xe2862]  GraphBuilder::try_inline(ciMethod*, bool, Bytecodes::Code, Instruction*)+0xd8
V  [libjvm.dylib+0xe20c2]  GraphBuilder::invoke(Bytecodes::Code)+0x82e
V  [libjvm.dylib+0xe3ea8]  GraphBuilder::iterate_bytecodes_for_block(int)+0x23c
V  [libjvm.dylib+0xe5809]  GraphBuilder::iterate_all_blocks(bool)+0x69
V  [libjvm.dylib+0xe650f]  GraphBuilder::GraphBuilder(Compilation*, IRScope*)+0x2dd
V  [libjvm.dylib+0xeba8b]  IRScope::IRScope(Compilation*, IRScope*, int, ciMethod*, int, bool)+0x13b
V  [libjvm.dylib+0xebe8a]  IR::IR(Compilation*, ciMethod*, int)+0x80
V  [libjvm.dylib+0xd87ed]  Compilation::build_hir()+0xa3
V  [libjvm.dylib+0xd8f67]  Compilation::compile_java_method()+0x5b
V  [libjvm.dylib+0xd91cc]  Compilation::compile_method()+0x58
V  [libjvm.dylib+0xd938c]  Compilation::Compilation(AbstractCompiler*, ciEnv*, ciMethod*, int, BufferBlob*)+0x144
V  [libjvm.dylib+0xd9e9d]  Compiler::compile_method(ciEnv*, ciMethod*, int)+0x81
V  [libjvm.dylib+0x1a067a]  CompileBroker::invoke_compiler_on_method(CompileTask*)+0x564
V  [libjvm.dylib+0x19fc78]  CompileBroker::compiler_thread_loop()+0x270
V  [libjvm.dylib+0x505e88]  JavaThread::thread_main_inner()+0x82
V  [libjvm.dylib+0x505d4d]  JavaThread::run()+0x199
V  [libjvm.dylib+0x435709]  java_start(Thread*)+0xfa
C  [libsystem_pthread.dylib+0x36c1]  _pthread_body+0x154
C  [libsystem_pthread.dylib+0x356d]  _pthread_body+0x0
C  [libsystem_pthread.dylib+0x2c5d]  thread_start+0xd
C  0x0000000000000000


Current CompileTask:
C1:   4308 3030       3       java.io.File::getCanonicalPath (31 bytes)


---------------  P R O C E S S  ---------------

Java Threads: ( => current thread )
  0x00007fac8bff2800 JavaThread "build operations Thread 8" [_thread_blocked, id=25859, stack(0x000070000c9c3000,0x000070000cac3000)]
  0x00007fac8bff2000 JavaThread "build operations Thread 7" [_thread_blocked, id=25603, stack(0x000070000c8c0000,0x000070000c9c0000)]
  0x00007fac8ad59800 JavaThread "build operations Thread 6" [_thread_blocked, id=25347, stack(0x000070000c7bd000,0x000070000c8bd000)]
  0x00007fac8ad58800 JavaThread "build operations Thread 5" [_thread_blocked, id=38403, stack(0x000070000c6ba000,0x000070000c7ba000)]
  0x00007fac8ad58000 JavaThread "build operations Thread 4" [_thread_blocked, id=25091, stack(0x000070000c5b7000,0x000070000c6b7000)]
  0x00007fac8ad57000 JavaThread "build operations Thread 3" [_thread_blocked, id=24835, stack(0x000070000c4b4000,0x000070000c5b4000)]
  0x00007fac8ad56800 JavaThread "build operations Thread 2" [_thread_blocked, id=39427, stack(0x000070000c3b1000,0x000070000c4b1000)]
  0x00007fac87e6f800 JavaThread "build operations" [_thread_blocked, id=39683, stack(0x000070000c2ae000,0x000070000c3ae000)]
  0x00007fac8a768800 JavaThread "Cache worker for Artifact transforms cache (/Users/annascott/.gradle/caches/transforms-1)" [_thread_blocked, id=39939, stack(0x000070000c1ab000,0x000070000c2ab000)]
  0x00007fac85c2f800 JavaThread "Cache worker for file hash cache (/Users/annascott/AndroidStudioProjects/KeepingSparringScore/.gradle/4.4/fileHashes)" [_thread_blocked, id=40195, stack(0x000070000c0a8000,0x000070000c1a8000)]
  0x00007fac86b97800 JavaThread "File lock request listener" [_thread_in_native, id=40451, stack(0x000070000bfa5000,0x000070000c0a5000)]
  0x00007fac85c3c800 JavaThread "Cache worker for file hash cache (/Users/annascott/.gradle/caches/4.4/fileHashes)" [_thread_blocked, id=40707, stack(0x000070000bea2000,0x000070000bfa2000)]
  0x00007fac866c0000 JavaThread "Stdin handler" [_thread_blocked, id=41219, stack(0x000070000bd9f000,0x000070000be9f000)]
  0x00007fac866bf000 JavaThread "Asynchronous log dispatcher for DefaultDaemonConnection: socket connection from /127.0.0.1:49939 to /127.0.0.1:49940" [_thread_blocked, id=41731, stack(0x000070000bc9c000,0x000070000bd9c000)]
  0x00007fac85bb1800 JavaThread "Daemon worker" [_thread_in_native, id=23299, stack(0x000070000bb99000,0x000070000bc99000)]
  0x00007fac86b8f000 JavaThread "Cancel handler" [_thread_blocked, id=42243, stack(0x000070000ba96000,0x000070000bb96000)]
  0x00007fac86b7a800 JavaThread "Handler for socket connection from /127.0.0.1:49939 to /127.0.0.1:49940" [_thread_in_native, id=22787, stack(0x000070000b993000,0x000070000ba93000)]
  0x00007fac86696800 JavaThread "Daemon" [_thread_blocked, id=22275, stack(0x000070000b890000,0x000070000b990000)]
  0x00007fac86b72000 JavaThread "Daemon periodic checks" [_thread_blocked, id=43011, stack(0x000070000b78d000,0x000070000b88d000)]
  0x00007fac85baa000 JavaThread "Incoming local TCP Connector on port 49939" [_thread_in_native, id=22019, stack(0x000070000b68a000,0x000070000b78a000)]
  0x00007fac8783b000 JavaThread "Service Thread" daemon [_thread_blocked, id=15875, stack(0x000070000b484000,0x000070000b584000)]
=>0x00007fac87848800 JavaThread "C1 CompilerThread3" daemon [_thread_in_native, id=16387, stack(0x000070000b381000,0x000070000b481000)]
  0x00007fac86825000 JavaThread "C2 CompilerThread2" daemon [_thread_in_native, id=15107, stack(0x000070000b27e000,0x000070000b37e000)]
  0x00007fac87847800 JavaThread "C2 CompilerThread1" daemon [_thread_in_native, id=14851, stack(0x000070000b17b000,0x000070000b27b000)]
  0x00007fac8601a000 JavaThread "C2 CompilerThread0" daemon [_thread_in_native, id=17411, stack(0x000070000b078000,0x000070000b178000)]
  0x00007fac88000000 JavaThread "Signal Dispatcher" daemon [_thread_blocked, id=14347, stack(0x000070000af75000,0x000070000b075000)]
  0x00007fac85828000 JavaThread "Finalizer" daemon [_thread_blocked, id=18947, stack(0x000070000ae72000,0x000070000af72000)]
  0x00007fac86019800 JavaThread "Reference Handler" daemon [_thread_blocked, id=12291, stack(0x000070000ad6f000,0x000070000ae6f000)]
  0x00007fac85801800 JavaThread "main" [_thread_blocked, id=9987, stack(0x000070000a351000,0x000070000a451000)]

Other Threads:
  0x00007fac8680e000 VMThread [stack: 0x000070000ac6c000,0x000070000ad6c000] [id=19715]
  0x00007fac8783b800 WatcherThread [stack: 0x000070000b587000,0x000070000b687000] [id=15363]

VM state:not at safepoint (normal execution)

VM Mutex/Monitor currently owned by a thread: None

Heap:
 PSYoungGen      total 138240K, used 16930K [0x00000007a0000000, 0x00000007a9b80000, 0x00000007c0000000)
  eden space 127488K, 4% used [0x00000007a0000000,0x00000007a0609248,0x00000007a7c80000)
  from space 10752K, 99% used [0x00000007a7c80000,0x00000007a86ff630,0x00000007a8700000)
  to   space 13824K, 0% used [0x00000007a8e00000,0x00000007a8e00000,0x00000007a9b80000)
 ParOldGen       total 111616K, used 11270K [0x0000000760000000, 0x0000000766d00000, 0x00000007a0000000)
  object space 111616K, 10% used [0x0000000760000000,0x0000000760b018a0,0x0000000766d00000)
 Metaspace       used 34377K, capacity 35106K, committed 35328K, reserved 1079296K
  class space    used 4819K, capacity 5090K, committed 5120K, reserved 1048576K

Card table byte_map: [0x0000000107028000,0x0000000107329000] byte_map_base: 0x0000000103528000

Marking Bits: (ParMarkBitMap*) 0x00000001069f81c8
 Begin Bits: [0x0000000107529000, 0x0000000108d29000)
 End Bits:   [0x0000000108d29000, 0x000000010a529000)

Polling page: 0x0000000105082000

CodeCache: size=245760Kb used=10661Kb max_used=10677Kb free=235098Kb
 bounds [0x000000010fa42000, 0x00000001104c2000, 0x000000011ea42000]
 total_blobs=3700 nmethods=3017 adapters=597
 compilation: enabled

Compilation events (10 events):
Event: 4.259 Thread 0x00007fac87848800 nmethod 3024 0x00000001104acf10 code [0x00000001104ad200, 0x00000001104ae9b8]
Event: 4.265 Thread 0x00007fac86825000 nmethod 3017 0x00000001104ab710 code [0x00000001104ab960, 0x00000001104ac4c0]
Event: 4.267 Thread 0x00007fac86825000 3025       4       java.util.HashSet::iterator (13 bytes)
Event: 4.274 Thread 0x00007fac86825000 nmethod 3025 0x00000001104b1690 code [0x00000001104b1840, 0x00000001104b1db8]
Event: 4.274 Thread 0x00007fac86825000 3026       4       java.util.ArrayDeque::poll (5 bytes)
Event: 4.275 Thread 0x00007fac86825000 nmethod 3026 0x00000001104ab410 code [0x00000001104ab560, 0x00000001104ab638]
Event: 4.281 Thread 0x00007fac8601a000 nmethod 3023 0x00000001104af410 code [0x00000001104af660, 0x00000001104b07a8]
Event: 4.283 Thread 0x00007fac86825000 3027       4       java.security.SecureClassLoader::defineClass (16 bytes)
Event: 4.285 Thread 0x00007fac8601a000 3028       4       sun.misc.Resource::getByteBuffer (24 bytes)
Event: 4.293 Thread 0x00007fac87848800 3030       3       java.io.File::getCanonicalPath (31 bytes)

GC Heap History (10 events):
Event: 1.726 GC heap before
{Heap before GC invocations=2 (full 0):
 PSYoungGen      total 76288K, used 73306K [0x00000007a0000000, 0x00000007a5500000, 0x00000007c0000000)
  eden space 65536K, 100% used [0x00000007a0000000,0x00000007a4000000,0x00000007a4000000)
  from space 10752K, 72% used [0x00000007a4000000,0x00000007a4796af8,0x00000007a4a80000)
  to   space 10752K, 0% used [0x00000007a4a80000,0x00000007a4a80000,0x00000007a5500000)
 ParOldGen       total 175104K, used 16K [0x0000000760000000, 0x000000076ab00000, 0x00000007a0000000)
  object space 175104K, 0% used [0x0000000760000000,0x0000000760004000,0x000000076ab00000)
 Metaspace       used 16681K, capacity 17068K, committed 17408K, reserved 1064960K
  class space    used 2414K, capacity 2542K, committed 2560K, reserved 1048576K
Event: 1.740 GC heap after
Heap after GC invocations=2 (full 0):
 PSYoungGen      total 76288K, used 10326K [0x00000007a0000000, 0x00000007a9500000, 0x00000007c0000000)
  eden space 65536K, 0% used [0x00000007a0000000,0x00000007a0000000,0x00000007a4000000)
  from space 10752K, 96% used [0x00000007a4a80000,0x00000007a5495af0,0x00000007a5500000)
  to   space 10752K, 0% used [0x00000007a4000000,0x00000007a4000000,0x00000007a4a80000)
 ParOldGen       total 175104K, used 24K [0x0000000760000000, 0x000000076ab00000, 0x00000007a0000000)
  object space 175104K, 0% used [0x0000000760000000,0x0000000760006000,0x000000076ab00000)
 Metaspace       used 16681K, capacity 17068K, committed 17408K, reserved 1064960K
  class space    used 2414K, capacity 2542K, committed 2560K, reserved 1048576K
}
Event: 2.092 GC heap before
{Heap before GC invocations=3 (full 0):
 PSYoungGen      total 76288K, used 32262K [0x00000007a0000000, 0x00000007a9500000, 0x00000007c0000000)
  eden space 65536K, 33% used [0x00000007a0000000,0x00000007a156bf90,0x00000007a4000000)
  from space 10752K, 96% used [0x00000007a4a80000,0x00000007a5495af0,0x00000007a5500000)
  to   space 10752K, 0% used [0x00000007a4000000,0x00000007a4000000,0x00000007a4a80000)
 ParOldGen       total 175104K, used 24K [0x0000000760000000, 0x000000076ab00000, 0x00000007a0000000)
  object space 175104K, 0% used [0x0000000760000000,0x0000000760006000,0x000000076ab00000)
 Metaspace       used 20670K, capacity 21070K, committed 21248K, reserved 1067008K
  class space    used 2901K, capacity 3038K, committed 3072K, reserved 1048576K
Event: 2.098 GC heap after
Heap after GC invocations=3 (full 0):
 PSYoungGen      total 76288K, used 8668K [0x00000007a0000000, 0x00000007a9500000, 0x00000007c0000000)
  eden space 65536K, 0% used [0x00000007a0000000,0x00000007a0000000,0x00000007a4000000)
  from space 10752K, 80% used [0x00000007a4000000,0x00000007a4877290,0x00000007a4a80000)
  to   space 10752K, 0% used [0x00000007a8a80000,0x00000007a8a80000,0x00000007a9500000)
 ParOldGen       total 175104K, used 32K [0x0000000760000000, 0x000000076ab00000, 0x00000007a0000000)
  object space 175104K, 0% used [0x0000000760000000,0x0000000760008000,0x000000076ab00000)
 Metaspace       used 20670K, capacity 21070K, committed 21248K, reserved 1067008K
  class space    used 2901K, capacity 3038K, committed 3072K, reserved 1048576K
}
Event: 2.098 GC heap before
{Heap before GC invocations=4 (full 1):
 PSYoungGen      total 76288K, used 8668K [0x00000007a0000000, 0x00000007a9500000, 0x00000007c0000000)
  eden space 65536K, 0% used [0x00000007a0000000,0x00000007a0000000,0x00000007a4000000)
  from space 10752K, 80% used [0x00000007a4000000,0x00000007a4877290,0x00000007a4a80000)
  to   space 10752K, 0% used [0x00000007a8a80000,0x00000007a8a80000,0x00000007a9500000)
 ParOldGen       total 175104K, used 32K [0x0000000760000000, 0x000000076ab00000, 0x00000007a0000000)
  object space 175104K, 0% used [0x0000000760000000,0x0000000760008000,0x000000076ab00000)
 Metaspace       used 20670K, capacity 21070K, committed 21248K, reserved 1067008K
  class space    used 2901K, capacity 3038K, committed 3072K, reserved 1048576K
Event: 2.137 GC heap after
Heap after GC invocations=4 (full 1):
 PSYoungGen      total 76288K, used 0K [0x00000007a0000000, 0x00000007a9500000, 0x00000007c0000000)
  eden space 65536K, 0% used [0x00000007a0000000,0x00000007a0000000,0x00000007a4000000)
  from space 10752K, 0% used [0x00000007a4000000,0x00000007a4000000,0x00000007a4a80000)
  to   space 10752K, 0% used [0x00000007a8a80000,0x00000007a8a80000,0x00000007a9500000)
 ParOldGen       total 111616K, used 8446K [0x0000000760000000, 0x0000000766d00000, 0x00000007a0000000)
  object space 111616K, 7% used [0x0000000760000000,0x000000076083f840,0x0000000766d00000)
 Metaspace       used 20670K, capacity 21070K, committed 21248K, reserved 1067008K
  class space    used 2901K, capacity 3038K, committed 3072K, reserved 1048576K
}
Event: 2.905 GC heap before
{Heap before GC invocations=5 (full 1):
 PSYoungGen      total 76288K, used 65536K [0x00000007a0000000, 0x00000007a9500000, 0x00000007c0000000)
  eden space 65536K, 100% used [0x00000007a0000000,0x00000007a4000000,0x00000007a4000000)
  from space 10752K, 0% used [0x00000007a4000000,0x00000007a4000000,0x00000007a4a80000)
  to   space 10752K, 0% used [0x00000007a8a80000,0x00000007a8a80000,0x00000007a9500000)
 ParOldGen       total 111616K, used 8446K [0x0000000760000000, 0x0000000766d00000, 0x00000007a0000000)
  object space 111616K, 7% used [0x0000000760000000,0x000000076083f840,0x0000000766d00000)
 Metaspace       used 26094K, capacity 26694K, committed 26880K, reserved 1073152K
  class space    used 3595K, capacity 3776K, committed 3840K, reserved 1048576K
Event: 2.914 GC heap after
Heap after GC invocations=5 (full 1):
 PSYoungGen      total 100864K, used 6764K [0x00000007a0000000, 0x00000007a9180000, 0x00000007c0000000)
  eden space 93696K, 0% used [0x00000007a0000000,0x00000007a0000000,0x00000007a5b80000)
  from space 7168K, 94% used [0x00000007a8a80000,0x00000007a911b120,0x00000007a9180000)
  to   space 10752K, 0% used [0x00000007a7c80000,0x00000007a7c80000,0x00000007a8700000)
 ParOldGen       total 111616K, used 8454K [0x0000000760000000, 0x0000000766d00000, 0x00000007a0000000)
  object space 111616K, 7% used [0x0000000760000000,0x0000000760841840,0x0000000766d00000)
 Metaspace       used 26094K, capacity 26694K, committed 26880K, reserved 1073152K
  class space    used 3595K, capacity 3776K, committed 3840K, reserved 1048576K
}
Event: 4.235 GC heap before
{Heap before GC invocations=6 (full 1):
 PSYoungGen      total 100864K, used 100460K [0x00000007a0000000, 0x00000007a9180000, 0x00000007c0000000)
  eden space 93696K, 100% used [0x00000007a0000000,0x00000007a5b80000,0x00000007a5b80000)
  from space 7168K, 94% used [0x00000007a8a80000,0x00000007a911b120,0x00000007a9180000)
  to   space 10752K, 0% used [0x00000007a7c80000,0x00000007a7c80000,0x00000007a8700000)
 ParOldGen       total 111616K, used 8454K [0x0000000760000000, 0x0000000766d00000, 0x00000007a0000000)
  object space 111616K, 7% used [0x0000000760000000,0x0000000760841840,0x0000000766d00000)
 Metaspace       used 33750K, capacity 34498K, committed 34816K, reserved 1079296K
  class space    used 4742K, capacity 4994K, committed 5120K, reserved 1048576K
Event: 4.247 GC heap after
Heap after GC invocations=6 (full 1):
 PSYoungGen      total 138240K, used 10749K [0x00000007a0000000, 0x00000007a9b80000, 0x00000007c0000000)
  eden space 127488K, 0% used [0x00000007a0000000,0x00000007a0000000,0x00000007a7c80000)
  from space 10752K, 99% used [0x00000007a7c80000,0x00000007a86ff630,0x00000007a8700000)
  to   space 13824K, 0% used [0x00000007a8e00000,0x00000007a8e00000,0x00000007a9b80000)
 ParOldGen       total 111616K, used 11270K [0x0000000760000000, 0x0000000766d00000, 0x00000007a0000000)
  object space 111616K, 10% used [0x0000000760000000,0x0000000760b018a0,0x0000000766d00000)
 Metaspace       used 33750K, capacity 34498K, committed 34816K, reserved 1079296K
  class space    used 4742K, capacity 4994K, committed 5120K, reserved 1048576K
}

Deoptimization events (10 events):
Event: 3.905 Thread 0x00007fac85bb1800 Uncommon trap: reason=unstable_if action=reinterpret pc=0x000000010fcf52d0 method=java.util.jar.JarFile.match([C[B[I[I)Z @ 29
Event: 3.961 Thread 0x00007fac85bb1800 Uncommon trap: reason=unstable_if action=reinterpret pc=0x000000011040e780 method=java.lang.ThreadLocal$ThreadLocalMap.set(Ljava/lang/ThreadLocal;Ljava/lang/Object;)V @ 119
Event: 4.032 Thread 0x00007fac85bb1800 Uncommon trap: reason=class_check action=maybe_recompile pc=0x00000001103a5d44 method=java.io.BufferedInputStream.read1([BII)I @ 39
Event: 4.032 Thread 0x00007fac85bb1800 Uncommon trap: reason=class_check action=maybe_recompile pc=0x00000001103a5d44 method=java.io.BufferedInputStream.read1([BII)I @ 39
Event: 4.032 Thread 0x00007fac85bb1800 Uncommon trap: reason=class_check action=maybe_recompile pc=0x00000001103a5d44 method=java.io.BufferedInputStream.read1([BII)I @ 39
Event: 4.127 Thread 0x00007fac85bb1800 Uncommon trap: reason=bimorphic action=maybe_recompile pc=0x000000011035b580 method=java.util.Arrays.binarySearch0([Ljava/lang/Object;IILjava/lang/Object;Ljava/util/Comparator;)I @ 48
Event: 4.127 Thread 0x00007fac85bb1800 Uncommon trap: reason=bimorphic action=maybe_recompile pc=0x000000011035b580 method=java.util.Arrays.binarySearch0([Ljava/lang/Object;IILjava/lang/Object;Ljava/util/Comparator;)I @ 48
Event: 4.127 Thread 0x00007fac85bb1800 Uncommon trap: reason=bimorphic action=maybe_recompile pc=0x000000011035b580 method=java.util.Arrays.binarySearch0([Ljava/lang/Object;IILjava/lang/Object;Ljava/util/Comparator;)I @ 48
Event: 4.127 Thread 0x00007fac85bb1800 Uncommon trap: reason=bimorphic action=maybe_recompile pc=0x000000011035b580 method=java.util.Arrays.binarySearch0([Ljava/lang/Object;IILjava/lang/Object;Ljava/util/Comparator;)I @ 48
Event: 4.167 Thread 0x00007fac85bb1800 Uncommon trap: reason=unstable_if action=reinterpret pc=0x000000010ff07730 method=sun.misc.MetaIndex.mayContain(Ljava/lang/String;)Z @ 38

Classes redefined (0 events):
No events

Internal exceptions (10 events):
Event: 3.928 Thread 0x00007fac85bb1800 Exception <a 'java/lang/ClassNotFoundException': org/gradle/api/internal/ConventionTaskBeanInfo> (0x00000007a4b11688) thrown at [/Volumes/android/AOSP-openjdk-git/jdk8u/hotspot/src/share/vm/classfile/systemDictionary.cpp, line 210]
Event: 3.929 Thread 0x00007fac85bb1800 Exception <a 'java/lang/ClassNotFoundException': org/gradle/api/DefaultTaskBeanInfo> (0x00000007a4b34758) thrown at [/Volumes/android/AOSP-openjdk-git/jdk8u/hotspot/src/share/vm/classfile/systemDictionary.cpp, line 210]
Event: 3.929 Thread 0x00007fac85bb1800 Exception <a 'java/lang/ClassNotFoundException': org/gradle/api/internal/AbstractTaskBeanInfo> (0x00000007a4b5df40) thrown at [/Volumes/android/AOSP-openjdk-git/jdk8u/hotspot/src/share/vm/classfile/systemDictionary.cpp, line 210]
Event: 3.930 Thread 0x00007fac85bb1800 Exception <a 'java/lang/ClassNotFoundException': org/gradle/api/internal/AbstractTaskCustomizer> (0x00000007a4b882c0) thrown at [/Volumes/android/AOSP-openjdk-git/jdk8u/hotspot/src/share/vm/classfile/systemDictionary.cpp, line 210]
Event: 3.933 Thread 0x00007fac85bb1800 Exception <a 'java/lang/ClassNotFoundException': org/gradle/api/DefaultTaskCustomizer> (0x00000007a4c10a80) thrown at [/Volumes/android/AOSP-openjdk-git/jdk8u/hotspot/src/share/vm/classfile/systemDictionary.cpp, line 210]
Event: 3.934 Thread 0x00007fac85bb1800 Exception <a 'java/lang/ClassNotFoundException': org/gradle/api/internal/ConventionTaskCustomizer> (0x00000007a4c4a838) thrown at [/Volumes/android/AOSP-openjdk-git/jdk8u/hotspot/src/share/vm/classfile/systemDictionary.cpp, line 210]
Event: 3.935 Thread 0x00007fac85bb1800 Exception <a 'java/lang/ClassNotFoundException': org/gradle/api/tasks/DeleteCustomizer> (0x00000007a4c824c0) thrown at [/Volumes/android/AOSP-openjdk-git/jdk8u/hotspot/src/share/vm/classfile/systemDictionary.cpp, line 210]
Event: 3.937 Thread 0x00007fac85bb1800 Exception <a 'java/lang/ClassNotFoundException': org/gradle/api/tasks/Delete_DecoratedCustomizer> (0x00000007a4cc7db8) thrown at [/Volumes/android/AOSP-openjdk-git/jdk8u/hotspot/src/share/vm/classfile/systemDictionary.cpp, line 210]
Event: 3.968 Thread 0x00007fac85bb1800 Exception <a 'java/lang/ClassNotFoundException': build_3xyb9vz4fymvvffaxik3enkq3BeanInfo> (0x00000007a4df99f0) thrown at [/Volumes/android/AOSP-openjdk-git/jdk8u/hotspot/src/share/vm/classfile/systemDictionary.cpp, line 210]
Event: 3.968 Thread 0x00007fac85bb1800 Exception <a 'java/lang/ClassNotFoundException': build_3xyb9vz4fymvvffaxik3enkq3Customizer> (0x00000007a4e046a8) thrown at [/Volumes/android/AOSP-openjdk-git/jdk8u/hotspot/src/share/vm/classfile/systemDictionary.cpp, line 210]

Events (10 events):
Event: 4.288 loading class com/google/common/cache/LocalCache$Segment
Event: 4.288 loading class com/google/common/cache/LocalCache$Segment done
Event: 4.291 loading class com/google/wireless/android/sdk/stats/GradleBuildProfile
Event: 4.291 loading class com/google/wireless/android/sdk/stats/GradleBuildProfile done
Event: 4.292 loading class com/google/wireless/android/sdk/stats/GradleBuildProfileOrBuilder
Event: 4.292 loading class com/google/wireless/android/sdk/stats/GradleBuildProfileOrBuilder done
Event: 4.293 loading class com/google/protobuf/MessageOrBuilder
Event: 4.293 loading class com/google/protobuf/MessageOrBuilder done
Event: 4.293 loading class com/google/protobuf/MessageLiteOrBuilder
Event: 4.293 loading class com/google/protobuf/MessageLiteOrBuilder done


Dynamic libraries:
0x000000001b3e8000 	/System/Library/Frameworks/Cocoa.framework/Versions/A/Cocoa
0x000000001b3e8000 	/System/Library/Frameworks/Security.framework/Versions/A/Security
0x000000001b3e8000 	/System/Library/Frameworks/ApplicationServices.framework/Versions/A/ApplicationServices
0x000000001b3e8000 	/usr/lib/libz.1.dylib
0x000000001b3e8000 	/usr/lib/libSystem.B.dylib
0x000000001b3e8000 	/System/Library/Frameworks/CoreFoundation.framework/Versions/A/CoreFoundation
0x000000001b3e8000 	/System/Library/Frameworks/Foundation.framework/Versions/C/Foundation
0x000000001b3e8000 	/usr/lib/libobjc.A.dylib
0x000000001b3e8000 	/System/Library/Frameworks/AppKit.framework/Versions/C/AppKit
0x000000001b3e8000 	/System/Library/Frameworks/CoreData.framework/Versions/A/CoreData
0x000000001b3e8000 	/System/Library/PrivateFrameworks/RemoteViewServices.framework/Versions/A/RemoteViewServices
0x000000001b3e8000 	/System/Library/PrivateFrameworks/UIFoundation.framework/Versions/A/UIFoundation
0x000000001b3e8000 	/System/Library/PrivateFrameworks/DFRFoundation.framework/Versions/A/DFRFoundation
0x000000001b3e8000 	/System/Library/Frameworks/Metal.framework/Versions/A/Metal
0x000000001b3e8000 	/System/Library/PrivateFrameworks/DesktopServicesPriv.framework/Versions/A/DesktopServicesPriv
0x000000001b3e8000 	/usr/lib/libenergytrace.dylib
0x000000001b3e8000 	/System/Library/PrivateFrameworks/SkyLight.framework/Versions/A/SkyLight
0x000000001b3e8000 	/System/Library/Frameworks/CoreGraphics.framework/Versions/A/CoreGraphics
0x000000001b3e8000 	/usr/lib/libScreenReader.dylib
0x000000001b3e8000 	/System/Library/Frameworks/Accelerate.framework/Versions/A/Accelerate
0x000000001b3e8000 	/System/Library/Frameworks/IOSurface.framework/Versions/A/IOSurface
0x000000001b3e8000 	/System/Library/Frameworks/AudioToolbox.framework/Versions/A/AudioToolbox
0x000000001b3e8000 	/System/Library/Frameworks/AudioUnit.framework/Versions/A/AudioUnit
0x000000001b3e8000 	/System/Library/PrivateFrameworks/DataDetectorsCore.framework/Versions/A/DataDetectorsCore
0x000000001b3e8000 	/System/Library/Frameworks/Carbon.framework/Versions/A/Frameworks/HIToolbox.framework/Versions/A/HIToolbox
0x000000001b3e8000 	/usr/lib/libicucore.A.dylib
0x000000001b3e8000 	/System/Library/Frameworks/QuartzCore.framework/Versions/A/QuartzCore
0x000000001b3e8000 	/System/Library/Frameworks/Carbon.framework/Versions/A/Frameworks/SpeechRecognition.framework/Versions/A/SpeechRecognition
0x000000001b3e8000 	/usr/lib/libauto.dylib
0x000000001b3e8000 	/usr/lib/libxml2.2.dylib
0x000000001b3e8000 	/System/Library/PrivateFrameworks/CoreUI.framework/Versions/A/CoreUI
0x000000001b3e8000 	/System/Library/Frameworks/CoreAudio.framework/Versions/A/CoreAudio
0x000000001b3e8000 	/System/Library/Frameworks/DiskArbitration.framework/Versions/A/DiskArbitration
0x000000001b3e8000 	/usr/lib/liblangid.dylib
0x000000001b3e8000 	/System/Library/PrivateFrameworks/MultitouchSupport.framework/Versions/A/MultitouchSupport
0x000000001b3e8000 	/System/Library/Frameworks/IOKit.framework/Versions/A/IOKit
0x000000001b3e8000 	/usr/lib/libDiagnosticMessagesClient.dylib
0x000000001b3e8000 	/System/Library/Frameworks/CoreServices.framework/Versions/A/CoreServices
0x000000001b3e8000 	/System/Library/PrivateFrameworks/PerformanceAnalysis.framework/Versions/A/PerformanceAnalysis
0x000000001b3e8000 	/System/Library/Frameworks/OpenGL.framework/Versions/A/OpenGL
0x000000001b3e8000 	/System/Library/Frameworks/ColorSync.framework/Versions/A/ColorSync
0x000000001b3e8000 	/System/Library/Frameworks/CoreImage.framework/Versions/A/CoreImage
0x000000001b3e8000 	/System/Library/Frameworks/CoreText.framework/Versions/A/CoreText
0x000000001b3e8000 	/System/Library/Frameworks/ImageIO.framework/Versions/A/ImageIO
0x000000001b3e8000 	/System/Library/PrivateFrameworks/Backup.framework/Versions/A/Backup
0x000000001b3e8000 	/usr/lib/libarchive.2.dylib
0x000000001b3e8000 	/System/Library/Frameworks/CFNetwork.framework/Versions/A/CFNetwork
0x000000001b3e8000 	/System/Library/Frameworks/SystemConfiguration.framework/Versions/A/SystemConfiguration
0x000000001b3e8000 	/usr/lib/libCRFSuite.dylib
0x000000001b3e8000 	/usr/lib/libc++.1.dylib
0x000000001b3e8000 	/usr/lib/libc++abi.dylib
0x000000001b3e8000 	/usr/lib/system/libcache.dylib
0x000000001b3e8000 	/usr/lib/system/libcommonCrypto.dylib
0x000000001b3e8000 	/usr/lib/system/libcompiler_rt.dylib
0x000000001b3e8000 	/usr/lib/system/libcopyfile.dylib
0x000000001b3e8000 	/usr/lib/system/libcorecrypto.dylib
0x000000001b3e8000 	/usr/lib/system/libdispatch.dylib
0x000000001b3e8000 	/usr/lib/system/libdyld.dylib
0x000000001b3e8000 	/usr/lib/system/libkeymgr.dylib
0x000000001b3e8000 	/usr/lib/system/liblaunch.dylib
0x000000001b3e8000 	/usr/lib/system/libmacho.dylib
0x000000001b3e8000 	/usr/lib/system/libquarantine.dylib
0x000000001b3e8000 	/usr/lib/system/libremovefile.dylib
0x000000001b3e8000 	/usr/lib/system/libsystem_asl.dylib
0x000000001b3e8000 	/usr/lib/system/libsystem_blocks.dylib
0x000000001b3e8000 	/usr/lib/system/libsystem_c.dylib
0x000000001b3e8000 	/usr/lib/system/libsystem_configuration.dylib
0x000000001b3e8000 	/usr/lib/system/libsystem_coreservices.dylib
0x000000001b3e8000 	/usr/lib/system/libsystem_darwin.dylib
0x000000001b3e8000 	/usr/lib/system/libsystem_dnssd.dylib
0x000000001b3e8000 	/usr/lib/system/libsystem_info.dylib
0x000000001b3e8000 	/usr/lib/system/libsystem_m.dylib
0x000000001b3e8000 	/usr/lib/system/libsystem_malloc.dylib
0x000000001b3e8000 	/usr/lib/system/libsystem_network.dylib
0x000000001b3e8000 	/usr/lib/system/libsystem_networkextension.dylib
0x000000001b3e8000 	/usr/lib/system/libsystem_notify.dylib
0x000000001b3e8000 	/usr/lib/system/libsystem_sandbox.dylib
0x000000001b3e8000 	/usr/lib/system/libsystem_secinit.dylib
0x000000001b3e8000 	/usr/lib/system/libsystem_kernel.dylib
0x000000001b3e8000 	/usr/lib/system/libsystem_platform.dylib
0x000000001b3e8000 	/usr/lib/system/libsystem_pthread.dylib
0x000000001b3e8000 	/usr/lib/system/libsystem_symptoms.dylib
0x000000001b3e8000 	/usr/lib/system/libsystem_trace.dylib
0x000000001b3e8000 	/usr/lib/system/libunwind.dylib
0x000000001b3e8000 	/usr/lib/system/libxpc.dylib
0x000000001b3e8000 	/usr/lib/closure/libclosured.dylib
0x000000001b3e8000 	/usr/lib/libbsm.0.dylib
0x000000001b3e8000 	/usr/lib/system/libkxld.dylib
0x000000001b3e8000 	/usr/lib/libOpenScriptingUtil.dylib
0x000000001b3e8000 	/usr/lib/libcoretls.dylib
0x000000001b3e8000 	/usr/lib/libcoretls_cfhelpers.dylib
0x000000001b3e8000 	/usr/lib/libpam.2.dylib
0x000000001b3e8000 	/usr/lib/libsqlite3.dylib
0x000000001b3e8000 	/usr/lib/libxar.1.dylib
0x000000001b3e8000 	/usr/lib/libbz2.1.0.dylib
0x000000001b3e8000 	/usr/lib/liblzma.5.dylib
0x000000001b3e8000 	/usr/lib/libnetwork.dylib
0x000000001b3e8000 	/usr/lib/libapple_nghttp2.dylib
0x000000001b3e8000 	/usr/lib/libpcap.A.dylib
0x000000001b3e8000 	/usr/lib/libboringssl.dylib
0x000000001b3e8000 	/usr/lib/libusrtcp.dylib
0x000000001b3e8000 	/usr/lib/libapple_crypto.dylib
0x000000001b3e8000 	/System/Library/Frameworks/CoreServices.framework/Versions/A/Frameworks/FSEvents.framework/Versions/A/FSEvents
0x000000001b3e8000 	/System/Library/Frameworks/CoreServices.framework/Versions/A/Frameworks/CarbonCore.framework/Versions/A/CarbonCore
0x000000001b3e8000 	/System/Library/Frameworks/CoreServices.framework/Versions/A/Frameworks/Metadata.framework/Versions/A/Metadata
0x000000001b3e8000 	/System/Library/Frameworks/CoreServices.framework/Versions/A/Frameworks/OSServices.framework/Versions/A/OSServices
0x000000001b3e8000 	/System/Library/Frameworks/CoreServices.framework/Versions/A/Frameworks/SearchKit.framework/Versions/A/SearchKit
0x000000001b3e8000 	/System/Library/Frameworks/CoreServices.framework/Versions/A/Frameworks/AE.framework/Versions/A/AE
0x000000001b3e8000 	/System/Library/Frameworks/CoreServices.framework/Versions/A/Frameworks/LaunchServices.framework/Versions/A/LaunchServices
0x000000001b3e8000 	/System/Library/Frameworks/CoreServices.framework/Versions/A/Frameworks/DictionaryServices.framework/Versions/A/DictionaryServices
0x000000001b3e8000 	/System/Library/Frameworks/CoreServices.framework/Versions/A/Frameworks/SharedFileList.framework/Versions/A/SharedFileList
0x000000001b3e8000 	/System/Library/Frameworks/NetFS.framework/Versions/A/NetFS
0x000000001b3e8000 	/System/Library/PrivateFrameworks/NetAuth.framework/Versions/A/NetAuth
0x000000001b3e8000 	/System/Library/PrivateFrameworks/login.framework/Versions/A/Frameworks/loginsupport.framework/Versions/A/loginsupport
0x000000001b3e8000 	/System/Library/PrivateFrameworks/TCC.framework/Versions/A/TCC
0x000000001b3e8000 	/usr/lib/libmecabra.dylib
0x000000001b3e8000 	/System/Library/Frameworks/ApplicationServices.framework/Versions/A/Frameworks/ATS.framework/Versions/A/ATS
0x000000001b3e8000 	/System/Library/Frameworks/ApplicationServices.framework/Versions/A/Frameworks/ColorSyncLegacy.framework/Versions/A/ColorSyncLegacy
0x000000001b3e8000 	/System/Library/Frameworks/ApplicationServices.framework/Versions/A/Frameworks/HIServices.framework/Versions/A/HIServices
0x000000001b3e8000 	/System/Library/Frameworks/ApplicationServices.framework/Versions/A/Frameworks/LangAnalysis.framework/Versions/A/LangAnalysis
0x000000001b3e8000 	/System/Library/Frameworks/ApplicationServices.framework/Versions/A/Frameworks/PrintCore.framework/Versions/A/PrintCore
0x000000001b3e8000 	/System/Library/Frameworks/ApplicationServices.framework/Versions/A/Frameworks/QD.framework/Versions/A/QD
0x000000001b3e8000 	/System/Library/Frameworks/ApplicationServices.framework/Versions/A/Frameworks/SpeechSynthesis.framework/Versions/A/SpeechSynthesis
0x000000001b3e8000 	/System/Library/Frameworks/CoreDisplay.framework/Versions/A/CoreDisplay
0x000000001b3e8000 	/System/Library/Frameworks/Accelerate.framework/Versions/A/Frameworks/vImage.framework/Versions/A/vImage
0x000000001b3e8000 	/System/Library/Frameworks/Accelerate.framework/Versions/A/Frameworks/vecLib.framework/Versions/A/vecLib
0x000000001b3e8000 	/System/Library/Frameworks/Accelerate.framework/Versions/A/Frameworks/vecLib.framework/Versions/A/libvDSP.dylib
0x000000001b3e8000 	/System/Library/Frameworks/Accelerate.framework/Versions/A/Frameworks/vecLib.framework/Versions/A/libBNNS.dylib
0x000000001b3e8000 	/System/Library/Frameworks/Accelerate.framework/Versions/A/Frameworks/vecLib.framework/Versions/A/libQuadrature.dylib
0x000000001b3e8000 	/System/Library/Frameworks/Accelerate.framework/Versions/A/Frameworks/vecLib.framework/Versions/A/libvMisc.dylib
0x000000001b3e8000 	/System/Library/Frameworks/Accelerate.framework/Versions/A/Frameworks/vecLib.framework/Versions/A/libLAPACK.dylib
0x000000001b3e8000 	/System/Library/Frameworks/Accelerate.framework/Versions/A/Frameworks/vecLib.framework/Versions/A/libBLAS.dylib
0x000000001b3e8000 	/System/Library/Frameworks/Accelerate.framework/Versions/A/Frameworks/vecLib.framework/Versions/A/libLinearAlgebra.dylib
0x000000001b3e8000 	/System/Library/Frameworks/Accelerate.framework/Versions/A/Frameworks/vecLib.framework/Versions/A/libSparse.dylib
0x000000001b3e8000 	/System/Library/Frameworks/Accelerate.framework/Versions/A/Frameworks/vecLib.framework/Versions/A/libSparseBLAS.dylib
0x000000001b3e8000 	/System/Library/PrivateFrameworks/IOAccelerator.framework/Versions/A/IOAccelerator
0x000000001b3e8000 	/System/Library/PrivateFrameworks/IOPresentment.framework/Versions/A/IOPresentment
0x000000001b3e8000 	/System/Library/PrivateFrameworks/DSExternalDisplay.framework/Versions/A/DSExternalDisplay
0x000000001b3e8000 	/System/Library/Frameworks/OpenGL.framework/Versions/A/Libraries/libCoreFSCache.dylib
0x000000001b3e8000 	/System/Library/Frameworks/CoreVideo.framework/Versions/A/CoreVideo
0x000000001b3e8000 	/System/Library/PrivateFrameworks/GraphVisualizer.framework/Versions/A/GraphVisualizer
0x000000001b3e8000 	/System/Library/Frameworks/MetalPerformanceShaders.framework/Versions/A/MetalPerformanceShaders
0x000000001b3e8000 	/usr/lib/libFosl_dynamic.dylib
0x000000001b3e8000 	/System/Library/PrivateFrameworks/FaceCore.framework/Versions/A/FaceCore
0x000000001b3e8000 	/System/Library/Frameworks/OpenCL.framework/Versions/A/OpenCL
0x000000001b3e8000 	/usr/lib/libcompression.dylib
0x000000001b3e8000 	/System/Library/Frameworks/ApplicationServices.framework/Versions/A/Frameworks/ATS.framework/Versions/A/Resources/libFontParser.dylib
0x000000001b3e8000 	/System/Library/Frameworks/ApplicationServices.framework/Versions/A/Frameworks/ATS.framework/Versions/A/Resources/libFontRegistry.dylib
0x000000001b3e8000 	/System/Library/Frameworks/ImageIO.framework/Versions/A/Resources/libJPEG.dylib
0x000000001b3e8000 	/System/Library/Frameworks/ImageIO.framework/Versions/A/Resources/libTIFF.dylib
0x000000001b3e8000 	/System/Library/Frameworks/ImageIO.framework/Versions/A/Resources/libPng.dylib
0x000000001b3e8000 	/System/Library/Frameworks/ImageIO.framework/Versions/A/Resources/libGIF.dylib
0x000000001b3e8000 	/System/Library/Frameworks/ImageIO.framework/Versions/A/Resources/libJP2.dylib
0x000000001b3e8000 	/System/Library/Frameworks/ImageIO.framework/Versions/A/Resources/libRadiance.dylib
0x000000001b3e8000 	/System/Library/PrivateFrameworks/AppleJPEG.framework/Versions/A/AppleJPEG
0x000000001b3e8000 	/System/Library/PrivateFrameworks/MetalTools.framework/Versions/A/MetalTools
0x000000001b3e8000 	/System/Library/Frameworks/MetalPerformanceShaders.framework/Frameworks/MPSCore.framework/Versions/A/MPSCore
0x000000001b3e8000 	/System/Library/Frameworks/MetalPerformanceShaders.framework/Frameworks/MPSImage.framework/Versions/A/MPSImage
0x000000001b3e8000 	/System/Library/Frameworks/MetalPerformanceShaders.framework/Frameworks/MPSMatrix.framework/Versions/A/MPSMatrix
0x000000001b3e8000 	/System/Library/Frameworks/MetalPerformanceShaders.framework/Frameworks/MPSNeuralNetwork.framework/Versions/A/MPSNeuralNetwork
0x000000001b3e8000 	/System/Library/Frameworks/OpenGL.framework/Versions/A/Libraries/libGLU.dylib
0x000000001b3e8000 	/System/Library/Frameworks/OpenGL.framework/Versions/A/Libraries/libGFXShared.dylib
0x000000001b3e8000 	/System/Library/Frameworks/OpenGL.framework/Versions/A/Libraries/libGL.dylib
0x000000001b3e8000 	/System/Library/Frameworks/OpenGL.framework/Versions/A/Libraries/libGLImage.dylib
0x000000001b3e8000 	/System/Library/Frameworks/OpenGL.framework/Versions/A/Libraries/libCVMSPluginSupport.dylib
0x000000001b3e8000 	/System/Library/Frameworks/OpenGL.framework/Versions/A/Libraries/libCoreVMClient.dylib
0x000000001b3e8000 	/usr/lib/libcups.2.dylib
0x000000001b3e8000 	/System/Library/Frameworks/Kerberos.framework/Versions/A/Kerberos
0x000000001b3e8000 	/System/Library/Frameworks/GSS.framework/Versions/A/GSS
0x000000001b3e8000 	/usr/lib/libresolv.9.dylib
0x000000001b3e8000 	/usr/lib/libiconv.2.dylib
0x000000001b3e8000 	/System/Library/PrivateFrameworks/Heimdal.framework/Versions/A/Heimdal
0x000000001b3e8000 	/usr/lib/libheimdal-asn1.dylib
0x000000001b3e8000 	/System/Library/Frameworks/OpenDirectory.framework/Versions/A/OpenDirectory
0x000000001b3e8000 	/System/Library/PrivateFrameworks/CommonAuth.framework/Versions/A/CommonAuth
0x000000001b3e8000 	/System/Library/Frameworks/OpenDirectory.framework/Versions/A/Frameworks/CFOpenDirectory.framework/Versions/A/CFOpenDirectory
0x000000001b3e8000 	/System/Library/Frameworks/SecurityFoundation.framework/Versions/A/SecurityFoundation
0x000000001b3e8000 	/System/Library/PrivateFrameworks/APFS.framework/Versions/A/APFS
0x000000001b3e8000 	/usr/lib/libutil.dylib
0x000000001b3e8000 	/System/Library/PrivateFrameworks/AppleSauce.framework/Versions/A/AppleSauce
0x000000001b3e8000 	/System/Library/PrivateFrameworks/LinguisticData.framework/Versions/A/LinguisticData
0x000000001b3e8000 	/usr/lib/libmarisa.dylib
0x000000001b3e8000 	/System/Library/PrivateFrameworks/Lexicon.framework/Versions/A/Lexicon
0x000000001b3e8000 	/usr/lib/libChineseTokenizer.dylib
0x000000001b3e8000 	/usr/lib/libcmph.dylib
0x000000001b3e8000 	/System/Library/PrivateFrameworks/LanguageModeling.framework/Versions/A/LanguageModeling
0x000000001b3e8000 	/System/Library/PrivateFrameworks/CoreEmoji.framework/Versions/A/CoreEmoji
0x000000001b3e8000 	/System/Library/Frameworks/ServiceManagement.framework/Versions/A/ServiceManagement
0x000000001b3e8000 	/System/Library/PrivateFrameworks/BackgroundTaskManagement.framework/Versions/A/BackgroundTaskManagement
0x000000001b3e8000 	/usr/lib/libxslt.1.dylib
0x000000001b3e8000 	/System/Library/Frameworks/Carbon.framework/Versions/A/Frameworks/Ink.framework/Versions/A/Ink
0x000000001b3e8000 	/System/Library/PrivateFrameworks/TextureIO.framework/Versions/A/TextureIO
0x000000001b3e8000 	/usr/lib/libate.dylib
0x000000001b3e8000 	/System/Library/PrivateFrameworks/CrashReporterSupport.framework/Versions/A/CrashReporterSupport
0x000000001b3e8000 	/System/Library/PrivateFrameworks/Sharing.framework/Versions/A/Sharing
0x000000001b3e8000 	/System/Library/PrivateFrameworks/IconServices.framework/Versions/A/IconServices
0x000000001b3e8000 	/System/Library/PrivateFrameworks/ProtocolBuffer.framework/Versions/A/ProtocolBuffer
0x000000001b3e8000 	/System/Library/PrivateFrameworks/Apple80211.framework/Versions/A/Apple80211
0x000000001b3e8000 	/System/Library/Frameworks/CoreWLAN.framework/Versions/A/CoreWLAN
0x000000001b3e8000 	/System/Library/PrivateFrameworks/CoreUtils.framework/Versions/A/CoreUtils
0x000000001b3e8000 	/System/Library/Frameworks/IOBluetooth.framework/Versions/A/IOBluetooth
0x000000001b3e8000 	/System/Library/PrivateFrameworks/CoreWiFi.framework/Versions/A/CoreWiFi
0x000000001b3e8000 	/System/Library/Frameworks/CoreBluetooth.framework/Versions/A/CoreBluetooth
0x000000001b3e8000 	/System/Library/PrivateFrameworks/SignpostNotification.framework/Versions/A/SignpostNotification
0x000000001b3e8000 	/System/Library/PrivateFrameworks/DebugSymbols.framework/Versions/A/DebugSymbols
0x000000001b3e8000 	/System/Library/PrivateFrameworks/CoreSymbolication.framework/Versions/A/CoreSymbolication
0x000000001b3e8000 	/System/Library/PrivateFrameworks/Symbolication.framework/Versions/A/Symbolication
0x000000001b3e8000 	/System/Library/PrivateFrameworks/AppleFSCompression.framework/Versions/A/AppleFSCompression
0x000000001b3e8000 	/System/Library/PrivateFrameworks/SpeechRecognitionCore.framework/Versions/A/SpeechRecognitionCore
0x0000000106200000 	/Applications/Android Studio.app/Contents/jre/jdk/Contents/Home/jre/lib/server/libjvm.dylib
0x000000001b3e8000 	/usr/lib/libstdc++.6.0.9.dylib
0x0000000105042000 	/Applications/Android Studio.app/Contents/jre/jdk/Contents/Home/jre/lib/libverify.dylib
0x000000010504e000 	/Applications/Android Studio.app/Contents/jre/jdk/Contents/Home/jre/lib/libjava.dylib
0x00000001050cc000 	/Applications/Android Studio.app/Contents/jre/jdk/Contents/Home/jre/lib/libzip.dylib
0x000000010d37f000 	/Applications/Android Studio.app/Contents/jre/jdk/Contents/Home/jre/lib/libnet.dylib
0x000000010d41c000 	/Applications/Android Studio.app/Contents/jre/jdk/Contents/Home/jre/lib/libnio.dylib
0x000000010d527000 	/Users/annascott/.gradle/native/25/osx-amd64/libnative-platform.dylib
0x000000010d906000 	/Applications/Android Studio.app/Contents/jre/jdk/Contents/Home/jre/lib/libmanagement.dylib

VM Arguments:
jvm_args: -Xmx1536m -Dfile.encoding=UTF-8 -Duser.country=US -Duser.language=en -Duser.variant 
java_command: org.gradle.launcher.daemon.bootstrap.GradleDaemon 4.4
java_class_path (initial): /Users/annascott/.gradle/wrapper/dists/gradle-4.4-all/9br9xq1tocpiv8o6njlyu5op1/gradle-4.4/lib/gradle-launcher-4.4.jar
Launcher Type: SUN_STANDARD

Environment Variables:
PATH=/usr/local/bin:/usr/bin:/bin:/usr/sbin:/sbin
SHELL=/bin/bash

Signal Handlers:
SIGSEGV: [libjvm.dylib+0x53f567], sa_mask[0]=11111111011111110111111111111111, sa_flags=SA_ONSTACK|SA_RESTART|SA_SIGINFO
SIGBUS: [libjvm.dylib+0x53f567], sa_mask[0]=11111111011111110111111111111111, sa_flags=SA_RESTART|SA_SIGINFO
SIGFPE: [libjvm.dylib+0x437adf], sa_mask[0]=11111111011111110111111111111111, sa_flags=SA_RESTART|SA_SIGINFO
SIGPIPE: [libjvm.dylib+0x437adf], sa_mask[0]=11111111011111110111111111111111, sa_flags=SA_RESTART|SA_SIGINFO
SIGXFSZ: [libjvm.dylib+0x437adf], sa_mask[0]=11111111011111110111111111111111, sa_flags=SA_RESTART|SA_SIGINFO
SIGILL: [libjvm.dylib+0x437adf], sa_mask[0]=11111111011111110111111111111111, sa_flags=SA_RESTART|SA_SIGINFO
SIGUSR1: SIG_DFL, sa_mask[0]=00000000000000000000000000000000, sa_flags=none
SIGUSR2: [libjvm.dylib+0x438404], sa_mask[0]=00100000000000000000000000000000, sa_flags=SA_RESTART|SA_SIGINFO
SIGHUP: [libjvm.dylib+0x4365f9], sa_mask[0]=11111111011111110111111111111111, sa_flags=SA_RESTART|SA_SIGINFO
SIGINT: [libjvm.dylib+0x4365f9], sa_mask[0]=11111111011111110111111111111111, sa_flags=SA_RESTART|SA_SIGINFO
SIGTERM: [libjvm.dylib+0x4365f9], sa_mask[0]=11111111011111110111111111111111, sa_flags=SA_RESTART|SA_SIGINFO
SIGQUIT: [libjvm.dylib+0x4365f9], sa_mask[0]=11111111011111110111111111111111, sa_flags=SA_RESTART|SA_SIGINFO


---------------  S Y S T E M  ---------------

OS:Bsduname:Darwin 17.3.0 Darwin Kernel Version 17.3.0: Thu Nov  9 18:09:22 PST 2017; root:xnu-4570.31.3~1/RELEASE_X86_64 x86_64
rlimit: STACK 8192k, CORE 0k, NPROC 1418, NOFILE 10240, AS infinity
load average:1.50 1.56 1.58

CPU:total 8 (initial active 8) (4 cores per cpu, 2 threads per core) family 6 model 94 stepping 3, cmov, cx8, fxsr, mmx, sse, sse2, sse3, ssse3, sse4.1, sse4.2, popcnt, avx, avx2, aes, clmul, erms, rtm, 3dnowpref, lzcnt, ht, tsc, tscinvbit, bmi1, bmi2, adx

Memory: 4k page, physical 16777216k(2493484k free)

/proc/meminfo:


vm_info: OpenJDK 64-Bit Server VM (25.152-b01) for bsd-amd64 JRE (1.8.0_152-release-1024-b01), built by "builder" with gcc 4.2.1 Compatible Apple LLVM 8.1.0 (clang-802.0.42)

time: Sun May  6 16:25:42 2018
elapsed time: 4 seconds (0d 0h 0m 4s)

